#-----------------------------------------------------------
# Vivado v2024.1 (64-bit)
# SW Build 5076996 on Wed May 22 18:37:14 MDT 2024
# IP Build 5075265 on Wed May 22 21:45:21 MDT 2024
# SharedData Build 5076995 on Wed May 22 18:29:18 MDT 2024
# Start of session at: Thu Aug 22 11:11:46 2024
# Process ID: 30280
# Current directory: D:/CelestiCall/Hardwares/IPModules/Proto_Star
# Command line: vivado.exe -gui_launcher_event rodinguilauncherevent1936 D:\CelestiCall\Hardwares\IPModules\Proto_Star\Proto_Star.xpr
# Log file: D:/CelestiCall/Hardwares/IPModules/Proto_Star/vivado.log
# Journal file: D:/CelestiCall/Hardwares/IPModules/Proto_Star\vivado.jou
# Running On        :DESKTOP-I4589KT
# Platform          :Windows Server 2016 or Windows 10
# Operating System  :22631
# Processor Detail  :AMD Ryzen 5 5600X 6-Core Processor             
# CPU Frequency     :3693 MHz
# CPU Physical cores:6
# CPU Logical cores :12
# Host memory       :34246 MB
# Swap memory       :2147 MB
# Total Virtual     :36394 MB
# Available Virtual :18424 MB
#-----------------------------------------------------------
start_gui
WARNING: [Board 49-26] cannot add Board Part xilinx.com:vek280_es:part0:1.0 available at C:/Xilinx/Vivado/2024.1/data/xhub/boards/XilinxBoardStore/boards/Xilinx/vek280/es/rev_a/1.0/board.xml as part xcve2802-vsvh1760-2lp-e-s-es1 specified in board_part file is either invalid or not available
WARNING: [Board 49-26] cannot add Board Part xilinx.com:vek280_es:part0:1.1 available at C:/Xilinx/Vivado/2024.1/data/xhub/boards/XilinxBoardStore/boards/Xilinx/vek280/es/rev_a/1.1/board.xml as part xcve2802-vsvh1760-2lp-e-s-es1 specified in board_part file is either invalid or not available
WARNING: [Board 49-26] cannot add Board Part xilinx.com:vek280_es_revb:part0:1.0 available at C:/Xilinx/Vivado/2024.1/data/xhub/boards/XilinxBoardStore/boards/Xilinx/vek280/es/rev_b/1.0/board.xml as part xcve2802-vsvh1760-2mp-e-s-es1 specified in board_part file is either invalid or not available
WARNING: [Board 49-26] cannot add Board Part xilinx.com:vek280_es_revb:part0:1.1 available at C:/Xilinx/Vivado/2024.1/data/xhub/boards/XilinxBoardStore/boards/Xilinx/vek280/es/rev_b/1.1/board.xml as part xcve2802-vsvh1760-2mp-e-s-es1 specified in board_part file is either invalid or not available
WARNING: [Board 49-26] cannot add Board Part xilinx.com:vhk158_es:part0:1.0 available at C:/Xilinx/Vivado/2024.1/data/xhub/boards/XilinxBoardStore/boards/Xilinx/vhk158/es/1.0/board.xml as part xcvh1582-vsva3697-2mp-e-s-es1 specified in board_part file is either invalid or not available
WARNING: [Board 49-26] cannot add Board Part xilinx.com:vhk158_es:part0:1.1 available at C:/Xilinx/Vivado/2024.1/data/xhub/boards/XilinxBoardStore/boards/Xilinx/vhk158/es/1.1/board.xml as part xcvh1582-vsva3697-2mp-e-s-es1 specified in board_part file is either invalid or not available
WARNING: [Board 49-26] cannot add Board Part xilinx.com:zcu208ld:part0:2.0 available at C:/Xilinx/Vivado/2024.1/data/xhub/boards/XilinxBoardStore/boards/Xilinx/zcu208ld/production/2.0/board.xml as part xczu58dr-fsvg1517-2-i specified in board_part file is either invalid or not available
WARNING: [Board 49-26] cannot add Board Part xilinx.com:zcu216ld:part0:2.0 available at C:/Xilinx/Vivado/2024.1/data/xhub/boards/XilinxBoardStore/boards/Xilinx/zcu216ld/production/2.0/board.xml as part xczu59dr-ffvf1760-2-i specified in board_part file is either invalid or not available
WARNING: [Board 49-26] cannot add Board Part xilinx.com:zcu670ld:part0:1.0 available at C:/Xilinx/Vivado/2024.1/data/xhub/boards/XilinxBoardStore/boards/Xilinx/zcu670ld/1.0/board.xml as part xczu57dr-fsve1156-2-i specified in board_part file is either invalid or not available
open_project D:/CelestiCall/Hardwares/IPModules/Proto_Star/Proto_Star.xpr
Scanning sources...
Finished scanning sources
INFO: [IP_Flow 19-234] Refreshing IP repositories
INFO: [IP_Flow 19-1700] Loaded user IP repository 'd:/CelestiCall/Hardwares/Library_vivado'.
INFO: [IP_Flow 19-2313] Loaded Vivado IP repository 'C:/Xilinx/Vivado/2024.1/data/ip'.
WARNING: [BD 41-1661] One or more IPs have been locked in the design 'CPU_system.bd'. Please run report_ip_status for more details and recommendations on how to fix this issue.
List of locked IPs:
CPU_system_v_axi4s_vid_out_0_2
CPU_system_v_tpg_0_1
CPU_system_auto_pc_0
CPU_system_ps7_0_axi_periph_2
CPU_system_rst_ps7_0_100M_2
CPU_system_v_tc_0_2

INFO: [Project 1-230] Project 'Proto_Star.xpr' upgraded for this version of Vivado.
open_project: Time (s): cpu = 00:00:02 ; elapsed = 00:00:08 . Memory (MB): peak = 1482.602 ; gain = 111.738
update_compile_order -fileset sources_1
export_ip_user_files -of_objects  [get_files D:/CelestiCall/Hardwares/IPModules/Proto_Star/Proto_Star.gen/sources_1/bd/CPU_system/hdl/CPU_system_wrapper.v] -no_script -reset -force -quiet
remove_files  D:/CelestiCall/Hardwares/IPModules/Proto_Star/Proto_Star.gen/sources_1/bd/CPU_system/hdl/CPU_system_wrapper.v
export_ip_user_files -of_objects  [get_files D:/CelestiCall/Hardwares/IPModules/Proto_Star/Proto_Star.srcs/sources_1/bd/CPU_system/CPU_system.bd] -no_script -reset -force -quiet
remove_files  D:/CelestiCall/Hardwares/IPModules/Proto_Star/Proto_Star.srcs/sources_1/bd/CPU_system/CPU_system.bd
file delete -force D:/CelestiCall/Hardwares/IPModules/Proto_Star/Proto_Star.srcs/sources_1/bd/CPU_system
file delete -force d:/CelestiCall/Hardwares/IPModules/Proto_Star/Proto_Star.gen/sources_1/bd/CPU_system
exit
INFO: [Common 17-206] Exiting Vivado at Thu Aug 22 11:54:44 2024...
