Copyright 1986-2022 Xilinx, Inc. All Rights Reserved. Copyright 2022-2023 Advanced Micro Devices, Inc. All Rights Reserved.
----------------------------------------------------------------------------------------------------------------------------------------------------------------------------
| Tool Version     : Vivado v.2023.2 (win64) Build 4029153 Fri Oct 13 20:14:34 MDT 2023
| Date             : Sat Jun 29 18:59:02 2024
| Host             : DESKTOP-I4589KT running 64-bit major release  (build 9200)
| Command          : report_power -file CPU_system_wrapper_power_routed.rpt -pb CPU_system_wrapper_power_summary_routed.pb -rpx CPU_system_wrapper_power_routed.rpx
| Design           : CPU_system_wrapper
| Device           : xc7z020clg400-1
| Design State     : routed
| Grade            : commercial
| Process          : typical
| Characterization : Production
----------------------------------------------------------------------------------------------------------------------------------------------------------------------------

Power Report

Table of Contents
-----------------
1. Summary
1.1 On-Chip Components
1.2 Power Supply Summary
1.3 Confidence Level
2. Settings
2.1 Environment
2.2 Clock Constraints
3. Detailed Reports
3.1 By Hierarchy

1. Summary
----------

+--------------------------+--------------+
| Total On-Chip Power (W)  | 1.694        |
| Design Power Budget (W)  | Unspecified* |
| Power Budget Margin (W)  | NA           |
| Dynamic (W)              | 1.548        |
| Device Static (W)        | 0.146        |
| Effective TJA (C/W)      | 11.5         |
| Max Ambient (C)          | 65.5         |
| Junction Temperature (C) | 44.5         |
| Confidence Level         | Medium       |
| Setting File             | ---          |
| Simulation Activity File | ---          |
| Design Nets Matched      | NA           |
+--------------------------+--------------+
* Specify Design Power Budget using, set_operating_conditions -design_power_budget <value in Watts>


1.1 On-Chip Components
----------------------

+-------------------------+-----------+----------+-----------+-----------------+
| On-Chip                 | Power (W) | Used     | Available | Utilization (%) |
+-------------------------+-----------+----------+-----------+-----------------+
| Clocks                  |     0.016 |        7 |       --- |             --- |
| Slice Logic             |     0.010 |     8969 |       --- |             --- |
|   LUT as Logic          |     0.008 |     3184 |     53200 |            5.98 |
|   CARRY4                |    <0.001 |      335 |     13300 |            2.52 |
|   Register              |    <0.001 |     3835 |    106400 |            3.60 |
|   LUT as Shift Register |    <0.001 |      197 |     17400 |            1.13 |
|   F7/F8 Muxes           |    <0.001 |       11 |     53200 |            0.02 |
|   Others                |     0.000 |      414 |       --- |             --- |
| Signals                 |     0.011 |     6601 |       --- |             --- |
| Block RAM               |     0.015 |      7.5 |       140 |            5.36 |
| PLL                     |     0.094 |        1 |         4 |           25.00 |
| DSPs                    |     0.014 |       14 |       220 |            6.36 |
| I/O                     |     0.132 |        8 |       125 |            6.40 |
| PS7                     |     1.256 |        1 |       --- |             --- |
| Static Power            |     0.146 |          |           |                 |
| Total                   |     1.694 |          |           |                 |
+-------------------------+-----------+----------+-----------+-----------------+


1.2 Power Supply Summary
------------------------

+-----------+-------------+-----------+-------------+------------+-------------+-------------+------------+
| Source    | Voltage (V) | Total (A) | Dynamic (A) | Static (A) | Powerup (A) | Budget (A)  | Margin (A) |
+-----------+-------------+-----------+-------------+------------+-------------+-------------+------------+
| Vccint    |       1.000 |     0.088 |       0.073 |      0.015 |       NA    | Unspecified | NA         |
| Vccaux    |       1.800 |     0.064 |       0.048 |      0.015 |       NA    | Unspecified | NA         |
| Vcco33    |       3.300 |     0.041 |       0.040 |      0.001 |       NA    | Unspecified | NA         |
| Vcco25    |       2.500 |     0.000 |       0.000 |      0.000 |       NA    | Unspecified | NA         |
| Vcco18    |       1.800 |     0.000 |       0.000 |      0.000 |       NA    | Unspecified | NA         |
| Vcco15    |       1.500 |     0.000 |       0.000 |      0.000 |       NA    | Unspecified | NA         |
| Vcco135   |       1.350 |     0.000 |       0.000 |      0.000 |       NA    | Unspecified | NA         |
| Vcco12    |       1.200 |     0.000 |       0.000 |      0.000 |       NA    | Unspecified | NA         |
| Vccaux_io |       1.800 |     0.000 |       0.000 |      0.000 |       NA    | Unspecified | NA         |
| Vccbram   |       1.000 |     0.003 |       0.001 |      0.001 |       NA    | Unspecified | NA         |
| MGTAVcc   |       1.000 |     0.000 |       0.000 |      0.000 |       NA    | Unspecified | NA         |
| MGTAVtt   |       1.200 |     0.000 |       0.000 |      0.000 |       NA    | Unspecified | NA         |
| MGTVccaux |       1.800 |     0.000 |       0.000 |      0.000 |       NA    | Unspecified | NA         |
| Vccpint   |       1.000 |     0.677 |       0.647 |      0.030 |       NA    | Unspecified | NA         |
| Vccpaux   |       1.800 |     0.036 |       0.026 |      0.010 |       NA    | Unspecified | NA         |
| Vccpll    |       1.800 |     0.017 |       0.014 |      0.003 |       NA    | Unspecified | NA         |
| Vcco_ddr  |       1.500 |     0.354 |       0.352 |      0.002 |       NA    | Unspecified | NA         |
| Vcco_mio0 |       3.300 |     0.003 |       0.002 |      0.001 |       NA    | Unspecified | NA         |
| Vcco_mio1 |       1.800 |     0.003 |       0.002 |      0.001 |       NA    | Unspecified | NA         |
| Vccadc    |       1.800 |     0.020 |       0.000 |      0.020 |       NA    | Unspecified | NA         |
+-----------+-------------+-----------+-------------+------------+-------------+-------------+------------+


1.3 Confidence Level
--------------------

+-----------------------------+------------+------------------------------------------------+------------------------------------------------------------------------------------------------------------+
| User Input Data             | Confidence | Details                                        | Action                                                                                                     |
+-----------------------------+------------+------------------------------------------------+------------------------------------------------------------------------------------------------------------+
| Design implementation state | High       | Design is routed                               |                                                                                                            |
| Clock nodes activity        | High       | User specified more than 95% of clocks         |                                                                                                            |
| I/O nodes activity          | High       | User specified more than 95% of inputs         |                                                                                                            |
| Internal nodes activity     | Medium     | User specified less than 25% of internal nodes | Provide missing internal nodes activity with simulation results or by editing the "By Resource Type" views |
| Device models               | High       | Device models are Production                   |                                                                                                            |
|                             |            |                                                |                                                                                                            |
| Overall confidence level    | Medium     |                                                |                                                                                                            |
+-----------------------------+------------+------------------------------------------------+------------------------------------------------------------------------------------------------------------+


2. Settings
-----------

2.1 Environment
---------------

+-----------------------+------------------------+
| Ambient Temp (C)      | 25.0                   |
| ThetaJA (C/W)         | 11.5                   |
| Airflow (LFM)         | 250                    |
| Heat Sink             | none                   |
| ThetaSA (C/W)         | 0.0                    |
| Board Selection       | medium (10"x10")       |
| # of Board Layers     | 8to11 (8 to 11 Layers) |
| Board Temperature (C) | 25.0                   |
+-----------------------+------------------------+


2.2 Clock Constraints
---------------------

+-------------+----------------------------------------------------------------+-----------------+
| Clock       | Domain                                                         | Constraint (ns) |
+-------------+----------------------------------------------------------------+-----------------+
| CLKFBIN     | CPU_system_i/rgb2dvi_0/U0/ClockGenInternal.ClockGenX/CLKFBIN   |            25.0 |
| PixelClkIO  | CPU_system_i/rgb2dvi_0/U0/ClockGenInternal.ClockGenX/PixelClk  |            25.0 |
| SerialClkIO | CPU_system_i/rgb2dvi_0/U0/ClockGenInternal.ClockGenX/SerialClk |             5.0 |
| clk_fpga_0  | CPU_system_i/processing_system7_0/inst/FCLK_CLK_unbuffered[0]  |            10.0 |
| clk_fpga_1  | CPU_system_i/processing_system7_0/inst/FCLK_CLK1               |            25.0 |
+-------------+----------------------------------------------------------------+-----------------+


3. Detailed Reports
-------------------

3.1 By Hierarchy
----------------

+--------------------------+-----------+
| Name                     | Power (W) |
+--------------------------+-----------+
| CPU_system_wrapper       |     1.548 |
|   CPU_system_i           |     1.548 |
|     processing_system7_0 |     1.256 |
|       inst               |     1.256 |
|     ps7_0_axi_periph     |     0.005 |
|       s00_couplers       |     0.005 |
|     rgb2dvi_0            |     0.229 |
|       U0                 |     0.229 |
|     v_axi4s_vid_out_0    |     0.002 |
|       inst               |     0.002 |
|     v_tpg_0              |     0.055 |
|       inst               |     0.055 |
+--------------------------+-----------+


