
*** Running vivado
    with args -log CPU_system_auto_pc_0.vds -m64 -product Vivado -mode batch -messageDb vivado.pb -notrace -source CPU_system_auto_pc_0.tcl


ECHO is off.
ECHO is off.

****** Vivado v2023.2 (64-bit)
  **** SW Build 4029153 on Fri Oct 13 20:14:34 MDT 2023
  **** IP Build 4028589 on Sat Oct 14 00:45:43 MDT 2023
  **** SharedData Build 4025554 on Tue Oct 10 17:18:54 MDT 2023
    ** Copyright 1986-2022 Xilinx, Inc. All Rights Reserved.
    ** Copyright 2022-2023 Advanced Micro Devices, Inc. All Rights Reserved.

source CPU_system_auto_pc_0.tcl -notrace
INFO: [IP_Flow 19-234] Refreshing IP repositories
INFO: [IP_Flow 19-1700] Loaded user IP repository 'd:/CelestiCall/Hardwares/Library_vivado'.
INFO: [IP_Flow 19-2313] Loaded Vivado IP repository 'C:/Xilinx/Vivado/2023.2/data/ip'.
INFO: [IP_Flow 19-6924] IPCACHE: Running cache check for IP inst: CPU_system_auto_pc_0
INFO: [IP_Flow 19-6922] IPCACHE: Exporting cached entry 73a706d95f61f16c to dir: D:/CelestiCall/Hardwares/IPModules/Proto_Star/Proto_Star.runs/CPU_system_auto_pc_0_synth_1
INFO: [IP_Flow 19-6928] IPCACHE: copied cached file d:/CelestiCall/Hardwares/IPModules/Proto_Star/Proto_Star.cache/ip/2023.2/7/3/73a706d95f61f16c/CPU_system_auto_pc_0.dcp to D:/CelestiCall/Hardwares/IPModules/Proto_Star/Proto_Star.runs/CPU_system_auto_pc_0_synth_1/CPU_system_auto_pc_0.dcp.
INFO: [IP_Flow 19-6928] IPCACHE: copied cached file d:/CelestiCall/Hardwares/IPModules/Proto_Star/Proto_Star.cache/ip/2023.2/7/3/73a706d95f61f16c/CPU_system_auto_pc_0_sim_netlist.v to D:/CelestiCall/Hardwares/IPModules/Proto_Star/Proto_Star.runs/CPU_system_auto_pc_0_synth_1/CPU_system_auto_pc_0_sim_netlist.v.
INFO: [IP_Flow 19-6928] IPCACHE: copied cached file d:/CelestiCall/Hardwares/IPModules/Proto_Star/Proto_Star.cache/ip/2023.2/7/3/73a706d95f61f16c/CPU_system_auto_pc_0_sim_netlist.vhdl to D:/CelestiCall/Hardwares/IPModules/Proto_Star/Proto_Star.runs/CPU_system_auto_pc_0_synth_1/CPU_system_auto_pc_0_sim_netlist.vhdl.
INFO: [IP_Flow 19-6928] IPCACHE: copied cached file d:/CelestiCall/Hardwares/IPModules/Proto_Star/Proto_Star.cache/ip/2023.2/7/3/73a706d95f61f16c/CPU_system_auto_pc_0_stub.v to D:/CelestiCall/Hardwares/IPModules/Proto_Star/Proto_Star.runs/CPU_system_auto_pc_0_synth_1/CPU_system_auto_pc_0_stub.v.
INFO: [IP_Flow 19-6928] IPCACHE: copied cached file d:/CelestiCall/Hardwares/IPModules/Proto_Star/Proto_Star.cache/ip/2023.2/7/3/73a706d95f61f16c/CPU_system_auto_pc_0_stub.vhdl to D:/CelestiCall/Hardwares/IPModules/Proto_Star/Proto_Star.runs/CPU_system_auto_pc_0_synth_1/CPU_system_auto_pc_0_stub.vhdl.
INFO: [IP_Flow 19-4838] Using cached IP synthesis design for IP CPU_system_auto_pc_0, cache-ID = 73a706d95f61f16c.
INFO: [Common 17-206] Exiting Vivado at Tue Jul  9 22:44:25 2024...
