Vivado Simulator v2024.1
Copyright 1986-2022 Xilinx, Inc. All Rights Reserved.
Copyright 2022-2024 Advanced Micro Devices, Inc. All Rights Reserved.
Running: C:/Xilinx/Vivado/2024.1/bin/unwrapped/win64.o/xelab.exe --incr --debug typical --relax --mt 2 -L xil_defaultlib -L unisims_ver -L unimacro_ver -L secureip -L xpm --snapshot VGA_Phy_behav xil_defaultlib.VGA_Phy xil_defaultlib.glbl -log elaborate.log 
Using 2 slave threads.
Starting static elaboration
Pass Through NonSizing Optimizer
Completed static elaboration
Starting simulation data flow analysis
Completed simulation data flow analysis
Time Resolution for simulation is 1ps
Compiling module unisims_ver.IBUF
Compiling module unisims_ver.PLLE2_ADV(CLKFBOUT_MULT=42,CLKIN...
Compiling module unisims_ver.BUFG
Compiling module xil_defaultlib.clkgem_clk_wiz_0_0_clk_wiz
Compiling module xil_defaultlib.clkgem_clk_wiz_0_0
Compiling module xil_defaultlib.clkgem
Compiling module xil_defaultlib.clkgem_wrapper
Compiling module xil_defaultlib.sync
Compiling module xil_defaultlib.VGA_Phy
Compiling module xil_defaultlib.glbl
Built simulation snapshot VGA_Phy_behav
