Copyright 1986-2022 Xilinx, Inc. All Rights Reserved. Copyright 2022-2024 Advanced Micro Devices, Inc. All Rights Reserved.
---------------------------------------------------------------------------------------------------------------------------------------------
| Tool Version : Vivado v.2024.1 (win64) Build 5076996 Wed May 22 18:37:14 MDT 2024
| Date         : Mon Aug 19 21:07:15 2024
| Host         : DESKTOP-I4589KT running 64-bit major release  (build 9200)
| Command      : report_drc -file RGB_GPU_drc_opted.rpt -pb RGB_GPU_drc_opted.pb -rpx RGB_GPU_drc_opted.rpx
| Design       : RGB_GPU
| Device       : xc7a100tcsg324-1
| Speed File   : -1
| Design State : Synthesized
---------------------------------------------------------------------------------------------------------------------------------------------

Report DRC

Table of Contents
-----------------
1. REPORT SUMMARY
2. REPORT DETAILS

1. REPORT SUMMARY
-----------------
            Netlist: netlist
          Floorplan: design_1
      Design limits: <entire design considered>
           Ruledeck: default
             Max violations: <unlimited>
             Violations found: 2
+-------------+----------+-------------------------------------------------------------+------------+
| Rule        | Severity | Description                                                 | Violations |
+-------------+----------+-------------------------------------------------------------+------------+
| CFGBVS-1    | Warning  | Missing CFGBVS and CONFIG_VOLTAGE Design Properties         | 1          |
| PLHOLDVIO-2 | Warning  | Non-Optimal connections which could lead to hold violations | 1          |
+-------------+----------+-------------------------------------------------------------+------------+

2. REPORT DETAILS
-----------------
CFGBVS-1#1 Warning
Missing CFGBVS and CONFIG_VOLTAGE Design Properties  
Neither the CFGBVS nor CONFIG_VOLTAGE voltage property is set in the current_design.  Configuration bank voltage select (CFGBVS) must be set to VCCO or GND, and CONFIG_VOLTAGE must be set to the correct configuration voltage, in order to determine the I/O voltage support for the pins in bank 0.  It is suggested to specify these either using the 'Edit Device Properties' function in the GUI or directly in the XDC file using the following syntax:

 set_property CFGBVS value1 [current_design]
 #where value1 is either VCCO or GND

 set_property CONFIG_VOLTAGE value2 [current_design]
 #where value2 is the voltage provided to configuration bank 0

Refer to the device configuration user guide for more information.
Related violations: <none>

PLHOLDVIO-2#1 Warning
Non-Optimal connections which could lead to hold violations  
A LUT sync_unit/frame_unit/dvi_i_1 is driving clock pin of 24 cells. This could lead to large hold time violations. Involved cells are:
dvi/U0/ClockGenInternal.ClockGenX/LockLostReset/SyncAsyncx/oSyncStages_reg[0],
dvi/U0/ClockGenInternal.ClockGenX/LockLostReset/SyncAsyncx/oSyncStages_reg[1],
dvi/U0/ClockGenInternal.ClockGenX/PLL_LockSyncAsync/oSyncStages_reg[0],
dvi/U0/ClockGenInternal.ClockGenX/PLL_LockSyncAsync/oSyncStages_reg[1],
dvi/U0/ClockGenInternal.ClockGenX/pLockWasLost_reg,
dvi/U0/ClockGenInternal.ClockGenX/pLocked_q_reg[0],
dvi/U0/ClockGenInternal.ClockGenX/pLocked_q_reg[1],
dvi/U0/ClockGenInternal.ClockGenX/pLocked_q_reg[2],
dvi/U0/DataEncoders[0].DataEncoder/pC0_1_reg,
dvi/U0/DataEncoders[0].DataEncoder/pC0_2_reg,
dvi/U0/DataEncoders[0].DataEncoder/pC1_1_reg,
dvi/U0/DataEncoders[0].DataEncoder/pC1_2_reg,
dvi/U0/DataEncoders[0].DataEncoder/pDataOutRaw_reg[0],
dvi/U0/DataEncoders[0].DataEncoder/pDataOutRaw_reg[1],
dvi/U0/DataEncoders[0].DataEncoder/pDataOutRaw_reg[2]
 (the first 15 of 24 listed)
Related violations: <none>


