#-----------------------------------------------------------
# Vivado v2024.1 (64-bit)
# SW Build 5076996 on Wed May 22 18:37:14 MDT 2024
# IP Build 5075265 on Wed May 22 21:45:21 MDT 2024
# SharedData Build 5076995 on Wed May 22 18:29:18 MDT 2024
# Start of session at: Sun Aug 18 19:19:19 2024
# Process ID: 17820
# Current directory: D:/CelestiCall/Hardwares/IPModules/VGA-GPU
# Command line: vivado.exe -gui_launcher_event rodinguilauncherevent14824 D:\CelestiCall\Hardwares\IPModules\VGA-GPU\VGA-GPU.xpr
# Log file: D:/CelestiCall/Hardwares/IPModules/VGA-GPU/vivado.log
# Journal file: D:/CelestiCall/Hardwares/IPModules/VGA-GPU\vivado.jou
# Running On        :DESKTOP-I4589KT
# Platform          :Windows Server 2016 or Windows 10
# Operating System  :22631
# Processor Detail  :AMD Ryzen 5 5600X 6-Core Processor             
# CPU Frequency     :3693 MHz
# CPU Physical cores:6
# CPU Logical cores :12
# Host memory       :34246 MB
# Swap memory       :2147 MB
# Total Virtual     :36394 MB
# Available Virtual :17608 MB
#-----------------------------------------------------------
start_gui
open_project D:/CelestiCall/Hardwares/IPModules/VGA-GPU/VGA-GPU.xpr
WARNING: [Board 49-26] cannot add Board Part xilinx.com:vek280_es:part0:1.0 available at C:/Xilinx/Vivado/2024.1/data/xhub/boards/XilinxBoardStore/boards/Xilinx/vek280/es/rev_a/1.0/board.xml as part xcve2802-vsvh1760-2lp-e-s-es1 specified in board_part file is either invalid or not available
WARNING: [Board 49-26] cannot add Board Part xilinx.com:vek280_es:part0:1.1 available at C:/Xilinx/Vivado/2024.1/data/xhub/boards/XilinxBoardStore/boards/Xilinx/vek280/es/rev_a/1.1/board.xml as part xcve2802-vsvh1760-2lp-e-s-es1 specified in board_part file is either invalid or not available
WARNING: [Board 49-26] cannot add Board Part xilinx.com:vek280_es_revb:part0:1.0 available at C:/Xilinx/Vivado/2024.1/data/xhub/boards/XilinxBoardStore/boards/Xilinx/vek280/es/rev_b/1.0/board.xml as part xcve2802-vsvh1760-2mp-e-s-es1 specified in board_part file is either invalid or not available
WARNING: [Board 49-26] cannot add Board Part xilinx.com:vek280_es_revb:part0:1.1 available at C:/Xilinx/Vivado/2024.1/data/xhub/boards/XilinxBoardStore/boards/Xilinx/vek280/es/rev_b/1.1/board.xml as part xcve2802-vsvh1760-2mp-e-s-es1 specified in board_part file is either invalid or not available
WARNING: [Board 49-26] cannot add Board Part xilinx.com:vhk158_es:part0:1.0 available at C:/Xilinx/Vivado/2024.1/data/xhub/boards/XilinxBoardStore/boards/Xilinx/vhk158/es/1.0/board.xml as part xcvh1582-vsva3697-2mp-e-s-es1 specified in board_part file is either invalid or not available
WARNING: [Board 49-26] cannot add Board Part xilinx.com:vhk158_es:part0:1.1 available at C:/Xilinx/Vivado/2024.1/data/xhub/boards/XilinxBoardStore/boards/Xilinx/vhk158/es/1.1/board.xml as part xcvh1582-vsva3697-2mp-e-s-es1 specified in board_part file is either invalid or not available
WARNING: [Board 49-26] cannot add Board Part xilinx.com:zcu208ld:part0:2.0 available at C:/Xilinx/Vivado/2024.1/data/xhub/boards/XilinxBoardStore/boards/Xilinx/zcu208ld/production/2.0/board.xml as part xczu58dr-fsvg1517-2-i specified in board_part file is either invalid or not available
WARNING: [Board 49-26] cannot add Board Part xilinx.com:zcu216ld:part0:2.0 available at C:/Xilinx/Vivado/2024.1/data/xhub/boards/XilinxBoardStore/boards/Xilinx/zcu216ld/production/2.0/board.xml as part xczu59dr-ffvf1760-2-i specified in board_part file is either invalid or not available
WARNING: [Board 49-26] cannot add Board Part xilinx.com:zcu670ld:part0:1.0 available at C:/Xilinx/Vivado/2024.1/data/xhub/boards/XilinxBoardStore/boards/Xilinx/zcu670ld/1.0/board.xml as part xczu57dr-fsve1156-2-i specified in board_part file is either invalid or not available
Scanning sources...
Finished scanning sources
INFO: [IP_Flow 19-234] Refreshing IP repositories
INFO: [IP_Flow 19-1704] No user IP repositories specified
INFO: [IP_Flow 19-2313] Loaded Vivado IP repository 'C:/Xilinx/Vivado/2024.1/data/ip'.
open_project: Time (s): cpu = 00:00:08 ; elapsed = 00:00:10 . Memory (MB): peak = 1646.016 ; gain = 424.242
update_compile_order -fileset sources_1
update_compile_order -fileset sim_1
set_property file_type SystemVerilog [get_files  D:/CelestiCall/Hardwares/IPModules/VGA-GPU/VGA-GPU.srcs/sources_1/new/VGA_GPU.v]
close [ open D:/CelestiCall/Hardwares/IPModules/VGA-GPU/VGA-GPU.srcs/sources_1/new/frame_counter.sv w ]
add_files D:/CelestiCall/Hardwares/IPModules/VGA-GPU/VGA-GPU.srcs/sources_1/new/frame_counter.sv
update_compile_order -fileset sources_1
WARNING: [filemgmt 56-199] Attempt to get parsing info during refresh. "On-the-fly" syntax checking information may be incorrect. [D:\CelestiCall\Hardwares\IPModules\VGA-GPU\VGA-GPU.srcs\sources_1\new\VGA_GPU.v:]
WARNING: [filemgmt 56-199] Attempt to get parsing info during refresh. "On-the-fly" syntax checking information may be incorrect. [D:\CelestiCall\Hardwares\IPModules\VGA-GPU\VGA-GPU.srcs\sources_1\new\frame_counter.sv:]
WARNING: [filemgmt 56-199] Attempt to get parsing info during refresh. "On-the-fly" syntax checking information may be incorrect. [D:\CelestiCall\Hardwares\IPModules\VGA-GPU\VGA-GPU.srcs\sources_1\new\frame_counter.sv:]
WARNING: [filemgmt 56-199] Attempt to get parsing info during refresh. "On-the-fly" syntax checking information may be incorrect. [D:\CelestiCall\Hardwares\IPModules\VGA-GPU\VGA-GPU.srcs\sources_1\new\frame_counter.sv:]
ERROR: [Common 17-180] Spawn failed: No error
synth_design -top vga_sync_demo -part xc7a100tcsg324-1 -lint 
Command: synth_design -top vga_sync_demo -part xc7a100tcsg324-1 -lint
Starting synth_design
Attempting to get a license for feature 'Synthesis' and/or device 'xc7a100t'
INFO: [Common 17-349] Got license for feature 'Synthesis' and/or device 'xc7a100t'
INFO: [Synth 8-7079] Multithreading enabled for synth_design using a maximum of 2 processes.
INFO: [Synth 8-7078] Launching helper process for spawning children vivado processes
INFO: [Synth 8-7075] Helper process launched with PID 4780
---------------------------------------------------------------------------------
Starting Synthesize : Time (s): cpu = 00:00:03 ; elapsed = 00:00:04 . Memory (MB): peak = 2097.852 ; gain = 401.797
---------------------------------------------------------------------------------
Clean up Linter database...
INFO: [Synth 8-6157] synthesizing module 'vga_sync_demo' [D:/CelestiCall/Hardwares/IPModules/VGA-GPU/VGA-GPU.srcs/sources_1/new/VGA_GPU.v:1]
INFO: [Synth 8-6157] synthesizing module 'frame_counter' [D:/CelestiCall/Hardwares/IPModules/VGA-GPU/VGA-GPU.srcs/sources_1/new/frame_counter.sv:23]
	Parameter HMAX bound to: 800 - type: integer 
	Parameter VMAX bound to: 525 - type: integer 
INFO: [Synth 8-6155] done synthesizing module 'frame_counter' (1#1) [D:/CelestiCall/Hardwares/IPModules/VGA-GPU/VGA-GPU.srcs/sources_1/new/frame_counter.sv:23]
INFO: [Synth 8-6155] done synthesizing module 'vga_sync_demo' (2#1) [D:/CelestiCall/Hardwares/IPModules/VGA-GPU/VGA-GPU.srcs/sources_1/new/VGA_GPU.v:1]
---------------------------------------------------------------------------------
Finished Synthesize : Time (s): cpu = 00:00:04 ; elapsed = 00:00:06 . Memory (MB): peak = 2205.797 ; gain = 509.742
---------------------------------------------------------------------------------
Copyright 1986-2022 Xilinx, Inc. All Rights Reserved. Copyright 2022-2024 Advanced Micro Devices, Inc. All Rights Reserved.
---------------------------------------------------------------------------------------------------------------------------------------------
| Tool Version : Vivado v.2024.1 (win64) Build 5076996 Wed May 22 18:37:14 MDT 2024
| Date         : Sun Aug 18 19:42:09 2024
| Host         : DESKTOP-I4589KT running 64-bit major release  (build 9200)
---------------------------------------------------------------------------------------------------------------------------------------------

RTL Linter Report

Table of Contents
-----------------
1. Summary

1. Summary
----------

+---------+----------+--------------+----------+
| Rule ID | Severity | # Violations | # Waived |
+---------+----------+--------------+----------+


INFO: [Synth 37-85] Total of 0 linter message(s) generated.
INFO: [Synth 37-45] Linter Run Finished!
Synthesis Optimization Runtime : Time (s): cpu = 00:00:04 ; elapsed = 00:00:06 . Memory (MB): peak = 2205.797 ; gain = 509.742
INFO: [Common 17-83] Releasing license: Synthesis
11 Infos, 0 Warnings, 0 Critical Warnings and 0 Errors encountered.
synth_design completed successfully
synth_design: Time (s): cpu = 00:00:04 ; elapsed = 00:00:06 . Memory (MB): peak = 2205.797 ; gain = 509.742
reset_run synth_1
INFO: [Project 1-1161] Replacing file D:/CelestiCall/Hardwares/IPModules/VGA-GPU/VGA-GPU.srcs/utils_1/imports/synth_1/VGA_Phy.dcp with file D:/CelestiCall/Hardwares/IPModules/VGA-GPU/VGA-GPU.runs/synth_1/VGA_Phy.dcp
launch_runs synth_1 -jobs 12
[Sun Aug 18 19:48:17 2024] Launched synth_1...
Run output will be captured here: D:/CelestiCall/Hardwares/IPModules/VGA-GPU/VGA-GPU.runs/synth_1/runme.log
WARNING: [filemgmt 56-199] Attempt to get parsing info during refresh. "On-the-fly" syntax checking information may be incorrect. [D:\CelestiCall\Hardwares\IPModules\VGA-GPU\VGA-GPU.srcs\sources_1\new\VGA_GPU.v:]
WARNING: [filemgmt 56-199] Attempt to get parsing info during refresh. "On-the-fly" syntax checking information may be incorrect. [D:\CelestiCall\Hardwares\IPModules\VGA-GPU\VGA-GPU.srcs\sources_1\new\frame_counter.sv:]
WARNING: [filemgmt 56-199] Attempt to get parsing info during refresh. "On-the-fly" syntax checking information may be incorrect. [D:\CelestiCall\Hardwares\IPModules\VGA-GPU\VGA-GPU.srcs\sources_1\new\frame_counter.sv:]
WARNING: [filemgmt 56-199] Attempt to get parsing info during refresh. "On-the-fly" syntax checking information may be incorrect. [D:\CelestiCall\Hardwares\IPModules\VGA-GPU\VGA-GPU.srcs\sources_1\new\frame_counter.sv:]
ERROR: [Common 17-180] Spawn failed: No error
launch_runs impl_1 -jobs 12
[Sun Aug 18 19:51:12 2024] Launched impl_1...
Run output will be captured here: D:/CelestiCall/Hardwares/IPModules/VGA-GPU/VGA-GPU.runs/impl_1/runme.log
WARNING: [filemgmt 56-199] Attempt to get parsing info during refresh. "On-the-fly" syntax checking information may be incorrect. [D:\CelestiCall\Hardwares\IPModules\VGA-GPU\VGA-GPU.srcs\sources_1\new\VGA_GPU.v:]
WARNING: [filemgmt 56-199] Attempt to get parsing info during refresh. "On-the-fly" syntax checking information may be incorrect. [D:\CelestiCall\Hardwares\IPModules\VGA-GPU\VGA-GPU.srcs\sources_1\new\frame_counter.sv:]
WARNING: [filemgmt 56-199] Attempt to get parsing info during refresh. "On-the-fly" syntax checking information may be incorrect. [D:\CelestiCall\Hardwares\IPModules\VGA-GPU\VGA-GPU.srcs\sources_1\new\frame_counter.sv:]
WARNING: [filemgmt 56-199] Attempt to get parsing info during refresh. "On-the-fly" syntax checking information may be incorrect. [D:\CelestiCall\Hardwares\IPModules\VGA-GPU\VGA-GPU.srcs\sources_1\new\frame_counter.sv:]
ERROR: [Common 17-180] Spawn failed: No error
reset_run synth_1
INFO: [Project 1-1161] Replacing file D:/CelestiCall/Hardwares/IPModules/VGA-GPU/VGA-GPU.srcs/utils_1/imports/synth_1/VGA_Phy.dcp with file D:/CelestiCall/Hardwares/IPModules/VGA-GPU/VGA-GPU.runs/synth_1/vga_sync_demo.dcp
launch_runs impl_1 -to_step write_bitstream -jobs 12
[Sun Aug 18 19:52:47 2024] Launched synth_1...
Run output will be captured here: D:/CelestiCall/Hardwares/IPModules/VGA-GPU/VGA-GPU.runs/synth_1/runme.log
[Sun Aug 18 19:52:47 2024] Launched impl_1...
Run output will be captured here: D:/CelestiCall/Hardwares/IPModules/VGA-GPU/VGA-GPU.runs/impl_1/runme.log
WARNING: [filemgmt 56-199] Attempt to get parsing info during refresh. "On-the-fly" syntax checking information may be incorrect. [D:\CelestiCall\Hardwares\IPModules\VGA-GPU\VGA-GPU.srcs\sources_1\new\VGA_GPU.v:]
WARNING: [filemgmt 56-199] Attempt to get parsing info during refresh. "On-the-fly" syntax checking information may be incorrect. [D:\CelestiCall\Hardwares\IPModules\VGA-GPU\VGA-GPU.srcs\sources_1\new\frame_counter.sv:]
WARNING: [filemgmt 56-199] Attempt to get parsing info during refresh. "On-the-fly" syntax checking information may be incorrect. [D:\CelestiCall\Hardwares\IPModules\VGA-GPU\VGA-GPU.srcs\sources_1\new\frame_counter.sv:]
WARNING: [filemgmt 56-199] Attempt to get parsing info during refresh. "On-the-fly" syntax checking information may be incorrect. [D:\CelestiCall\Hardwares\IPModules\VGA-GPU\VGA-GPU.srcs\sources_1\new\frame_counter.sv:]
ERROR: [Common 17-180] Spawn failed: No error
reset_run synth_1
INFO: [Project 1-1161] Replacing file D:/CelestiCall/Hardwares/IPModules/VGA-GPU/VGA-GPU.srcs/utils_1/imports/synth_1/VGA_Phy.dcp with file D:/CelestiCall/Hardwares/IPModules/VGA-GPU/VGA-GPU.runs/synth_1/vga_sync_demo.dcp
launch_runs synth_1 -jobs 12
[Sun Aug 18 19:56:23 2024] Launched synth_1...
Run output will be captured here: D:/CelestiCall/Hardwares/IPModules/VGA-GPU/VGA-GPU.runs/synth_1/runme.log
WARNING: [filemgmt 56-199] Attempt to get parsing info during refresh. "On-the-fly" syntax checking information may be incorrect. [D:\CelestiCall\Hardwares\IPModules\VGA-GPU\VGA-GPU.srcs\sources_1\new\VGA_GPU.v:]
WARNING: [filemgmt 56-199] Attempt to get parsing info during refresh. "On-the-fly" syntax checking information may be incorrect. [D:\CelestiCall\Hardwares\IPModules\VGA-GPU\VGA-GPU.srcs\sources_1\new\frame_counter.sv:]
WARNING: [filemgmt 56-199] Attempt to get parsing info during refresh. "On-the-fly" syntax checking information may be incorrect. [D:\CelestiCall\Hardwares\IPModules\VGA-GPU\VGA-GPU.srcs\sources_1\new\frame_counter.sv:]
WARNING: [filemgmt 56-199] Attempt to get parsing info during refresh. "On-the-fly" syntax checking information may be incorrect. [D:\CelestiCall\Hardwares\IPModules\VGA-GPU\VGA-GPU.srcs\sources_1\new\frame_counter.sv:]
ERROR: [Common 17-180] Spawn failed: No error
WARNING: [filemgmt 56-199] Attempt to get parsing info during refresh. "On-the-fly" syntax checking information may be incorrect. [D:\CelestiCall\Hardwares\IPModules\VGA-GPU\VGA-GPU.srcs\sources_1\new\VGA_GPU.v:]
WARNING: [filemgmt 56-199] Attempt to get parsing info during refresh. "On-the-fly" syntax checking information may be incorrect. [D:\CelestiCall\Hardwares\IPModules\VGA-GPU\VGA-GPU.srcs\sources_1\new\frame_counter.sv:]
WARNING: [filemgmt 56-199] Attempt to get parsing info during refresh. "On-the-fly" syntax checking information may be incorrect. [D:\CelestiCall\Hardwares\IPModules\VGA-GPU\VGA-GPU.srcs\sources_1\new\frame_counter.sv:]
WARNING: [filemgmt 56-199] Attempt to get parsing info during refresh. "On-the-fly" syntax checking information may be incorrect. [D:\CelestiCall\Hardwares\IPModules\VGA-GPU\VGA-GPU.srcs\sources_1\new\frame_counter.sv:]
ERROR: [Common 17-180] Spawn failed: No error
reset_run synth_1
INFO: [Project 1-1161] Replacing file D:/CelestiCall/Hardwares/IPModules/VGA-GPU/VGA-GPU.srcs/utils_1/imports/synth_1/VGA_Phy.dcp with file D:/CelestiCall/Hardwares/IPModules/VGA-GPU/VGA-GPU.runs/synth_1/vga_sync_demo.dcp
launch_runs synth_1 -jobs 12
[Sun Aug 18 19:57:46 2024] Launched synth_1...
Run output will be captured here: D:/CelestiCall/Hardwares/IPModules/VGA-GPU/VGA-GPU.runs/synth_1/runme.log
WARNING: [filemgmt 56-199] Attempt to get parsing info during refresh. "On-the-fly" syntax checking information may be incorrect. [D:\CelestiCall\Hardwares\IPModules\VGA-GPU\VGA-GPU.srcs\sources_1\new\VGA_GPU.v:]
WARNING: [filemgmt 56-199] Attempt to get parsing info during refresh. "On-the-fly" syntax checking information may be incorrect. [D:\CelestiCall\Hardwares\IPModules\VGA-GPU\VGA-GPU.srcs\sources_1\new\frame_counter.sv:]
WARNING: [filemgmt 56-199] Attempt to get parsing info during refresh. "On-the-fly" syntax checking information may be incorrect. [D:\CelestiCall\Hardwares\IPModules\VGA-GPU\VGA-GPU.srcs\sources_1\new\frame_counter.sv:]
WARNING: [filemgmt 56-199] Attempt to get parsing info during refresh. "On-the-fly" syntax checking information may be incorrect. [D:\CelestiCall\Hardwares\IPModules\VGA-GPU\VGA-GPU.srcs\sources_1\new\frame_counter.sv:]
ERROR: [Common 17-180] Spawn failed: No error
launch_runs impl_1 -jobs 12
[Sun Aug 18 19:59:26 2024] Launched impl_1...
Run output will be captured here: D:/CelestiCall/Hardwares/IPModules/VGA-GPU/VGA-GPU.runs/impl_1/runme.log
launch_runs impl_1 -to_step write_bitstream -jobs 12
[Sun Aug 18 20:01:25 2024] Launched impl_1...
Run output will be captured here: D:/CelestiCall/Hardwares/IPModules/VGA-GPU/VGA-GPU.runs/impl_1/runme.log
synth_design -top vga_sync_demo -part xc7a100tcsg324-1 -lint 
Command: synth_design -top vga_sync_demo -part xc7a100tcsg324-1 -lint
Starting synth_design
Attempting to get a license for feature 'Synthesis' and/or device 'xc7a100t'
INFO: [Common 17-349] Got license for feature 'Synthesis' and/or device 'xc7a100t'
INFO: [Synth 8-7079] Multithreading enabled for synth_design using a maximum of 2 processes.
INFO: [Common 17-41] Interrupt caught. Command should exit soon.
INFO: [Common 17-344] 'source' was cancelled
INFO: [Common 17-83] Releasing license: Synthesis
5 Infos, 0 Warnings, 0 Critical Warnings and 0 Errors encountered.
synth_design completed successfully
INFO: [Common 17-344] 'synth_design' was cancelled
WARNING: [filemgmt 56-199] Attempt to get parsing info during refresh. "On-the-fly" syntax checking information may be incorrect. [D:\CelestiCall\Hardwares\IPModules\VGA-GPU\VGA-GPU.srcs\sources_1\new\VGA_GPU.v:]
WARNING: [filemgmt 56-199] Attempt to get parsing info during refresh. "On-the-fly" syntax checking information may be incorrect. [D:\CelestiCall\Hardwares\IPModules\VGA-GPU\VGA-GPU.srcs\sources_1\new\frame_counter.sv:]
WARNING: [filemgmt 56-199] Attempt to get parsing info during refresh. "On-the-fly" syntax checking information may be incorrect. [D:\CelestiCall\Hardwares\IPModules\VGA-GPU\VGA-GPU.srcs\sources_1\new\frame_counter.sv:]
WARNING: [filemgmt 56-199] Attempt to get parsing info during refresh. "On-the-fly" syntax checking information may be incorrect. [D:\CelestiCall\Hardwares\IPModules\VGA-GPU\VGA-GPU.srcs\sources_1\new\frame_counter.sv:]
ERROR: [Common 17-180] Spawn failed: No error
reset_run synth_1
INFO: [Project 1-1161] Replacing file D:/CelestiCall/Hardwares/IPModules/VGA-GPU/VGA-GPU.srcs/utils_1/imports/synth_1/VGA_Phy.dcp with file D:/CelestiCall/Hardwares/IPModules/VGA-GPU/VGA-GPU.runs/synth_1/vga_sync_demo.dcp
WARNING: [Vivado 12-1017] Problems encountered:
1. Failed to delete one or more files in run directory D:/CelestiCall/Hardwares/IPModules/VGA-GPU/VGA-GPU.runs/synth_1

launch_runs impl_1 -to_step write_bitstream -jobs 12
[Sun Aug 18 20:08:00 2024] Launched synth_1...
Run output will be captured here: D:/CelestiCall/Hardwares/IPModules/VGA-GPU/VGA-GPU.runs/synth_1/runme.log
[Sun Aug 18 20:08:00 2024] Launched impl_1...
Run output will be captured here: D:/CelestiCall/Hardwares/IPModules/VGA-GPU/VGA-GPU.runs/impl_1/runme.log
WARNING: [filemgmt 56-199] Attempt to get parsing info during refresh. "On-the-fly" syntax checking information may be incorrect. [D:\CelestiCall\Hardwares\IPModules\VGA-GPU\VGA-GPU.srcs\sources_1\new\VGA_GPU.v:]
WARNING: [filemgmt 56-199] Attempt to get parsing info during refresh. "On-the-fly" syntax checking information may be incorrect. [D:\CelestiCall\Hardwares\IPModules\VGA-GPU\VGA-GPU.srcs\sources_1\new\frame_counter.sv:]
WARNING: [filemgmt 56-199] Attempt to get parsing info during refresh. "On-the-fly" syntax checking information may be incorrect. [D:\CelestiCall\Hardwares\IPModules\VGA-GPU\VGA-GPU.srcs\sources_1\new\frame_counter.sv:]
WARNING: [filemgmt 56-199] Attempt to get parsing info during refresh. "On-the-fly" syntax checking information may be incorrect. [D:\CelestiCall\Hardwares\IPModules\VGA-GPU\VGA-GPU.srcs\sources_1\new\frame_counter.sv:]
ERROR: [Common 17-180] Spawn failed: No error
reset_run impl_1
launch_runs impl_1 -jobs 12
WARNING: [filemgmt 56-199] Attempt to get parsing info during refresh. "On-the-fly" syntax checking information may be incorrect. [D:\CelestiCall\Hardwares\IPModules\VGA-GPU\VGA-GPU.srcs\sources_1\new\VGA_GPU.v:]
WARNING: [filemgmt 56-199] Attempt to get parsing info during refresh. "On-the-fly" syntax checking information may be incorrect. [D:\CelestiCall\Hardwares\IPModules\VGA-GPU\VGA-GPU.srcs\sources_1\new\frame_counter.sv:]
WARNING: [filemgmt 56-199] Attempt to get parsing info during refresh. "On-the-fly" syntax checking information may be incorrect. [D:\CelestiCall\Hardwares\IPModules\VGA-GPU\VGA-GPU.srcs\sources_1\new\frame_counter.sv:]
WARNING: [filemgmt 56-199] Attempt to get parsing info during refresh. "On-the-fly" syntax checking information may be incorrect. [D:\CelestiCall\Hardwares\IPModules\VGA-GPU\VGA-GPU.srcs\sources_1\new\frame_counter.sv:]
[Sun Aug 18 20:11:30 2024] Launched impl_1...
Run output will be captured here: D:/CelestiCall/Hardwares/IPModules/VGA-GPU/VGA-GPU.runs/impl_1/runme.log
ERROR: [Common 17-180] Spawn failed: No error
update_compile_order -fileset sources_1
WARNING: [filemgmt 56-199] Attempt to get parsing info during refresh. "On-the-fly" syntax checking information may be incorrect. [D:\CelestiCall\Hardwares\IPModules\VGA-GPU\VGA-GPU.srcs\sources_1\new\VGA_GPU.v:]
WARNING: [filemgmt 56-199] Attempt to get parsing info during refresh. "On-the-fly" syntax checking information may be incorrect. [D:\CelestiCall\Hardwares\IPModules\VGA-GPU\VGA-GPU.srcs\sources_1\new\frame_counter.sv:]
WARNING: [filemgmt 56-199] Attempt to get parsing info during refresh. "On-the-fly" syntax checking information may be incorrect. [D:\CelestiCall\Hardwares\IPModules\VGA-GPU\VGA-GPU.srcs\sources_1\new\frame_counter.sv:]
WARNING: [filemgmt 56-199] Attempt to get parsing info during refresh. "On-the-fly" syntax checking information may be incorrect. [D:\CelestiCall\Hardwares\IPModules\VGA-GPU\VGA-GPU.srcs\sources_1\new\frame_counter.sv:]
ERROR: [Common 17-180] Spawn failed: No error
WARNING: [filemgmt 56-199] Attempt to get parsing info during refresh. "On-the-fly" syntax checking information may be incorrect. [D:\CelestiCall\Hardwares\IPModules\VGA-GPU\VGA-GPU.srcs\sources_1\new\VGA_GPU.v:]
WARNING: [filemgmt 56-199] Attempt to get parsing info during refresh. "On-the-fly" syntax checking information may be incorrect. [D:\CelestiCall\Hardwares\IPModules\VGA-GPU\VGA-GPU.srcs\sources_1\new\frame_counter.sv:]
WARNING: [filemgmt 56-199] Attempt to get parsing info during refresh. "On-the-fly" syntax checking information may be incorrect. [D:\CelestiCall\Hardwares\IPModules\VGA-GPU\VGA-GPU.srcs\sources_1\new\frame_counter.sv:]
WARNING: [filemgmt 56-199] Attempt to get parsing info during refresh. "On-the-fly" syntax checking information may be incorrect. [D:\CelestiCall\Hardwares\IPModules\VGA-GPU\VGA-GPU.srcs\sources_1\new\frame_counter.sv:]
ERROR: [Common 17-180] Spawn failed: No error
update_compile_order -fileset sources_1
reset_run synth_1
INFO: [Project 1-1161] Replacing file D:/CelestiCall/Hardwares/IPModules/VGA-GPU/VGA-GPU.srcs/utils_1/imports/synth_1/VGA_Phy.dcp with file D:/CelestiCall/Hardwares/IPModules/VGA-GPU/VGA-GPU.runs/synth_1/vga_sync_demo.dcp
WARNING: [Vivado 12-1017] Problems encountered:
1. Failed to delete one or more files in run directory D:/CelestiCall/Hardwares/IPModules/VGA-GPU/VGA-GPU.runs/synth_1

launch_runs synth_1 -jobs 12
[Sun Aug 18 20:13:10 2024] Launched synth_1...
Run output will be captured here: D:/CelestiCall/Hardwares/IPModules/VGA-GPU/VGA-GPU.runs/synth_1/runme.log
WARNING: [filemgmt 56-199] Attempt to get parsing info during refresh. "On-the-fly" syntax checking information may be incorrect. [D:\CelestiCall\Hardwares\IPModules\VGA-GPU\VGA-GPU.srcs\sources_1\new\VGA_GPU.v:]
WARNING: [filemgmt 56-199] Attempt to get parsing info during refresh. "On-the-fly" syntax checking information may be incorrect. [D:\CelestiCall\Hardwares\IPModules\VGA-GPU\VGA-GPU.srcs\sources_1\new\frame_counter.sv:]
WARNING: [filemgmt 56-199] Attempt to get parsing info during refresh. "On-the-fly" syntax checking information may be incorrect. [D:\CelestiCall\Hardwares\IPModules\VGA-GPU\VGA-GPU.srcs\sources_1\new\frame_counter.sv:]
WARNING: [filemgmt 56-199] Attempt to get parsing info during refresh. "On-the-fly" syntax checking information may be incorrect. [D:\CelestiCall\Hardwares\IPModules\VGA-GPU\VGA-GPU.srcs\sources_1\new\frame_counter.sv:]
reset_run synth_1
WARNING: [Vivado 12-1017] Problems encountered:
1. Failed to delete one or more files in run directory D:/CelestiCall/Hardwares/IPModules/VGA-GPU/VGA-GPU.runs/synth_1

launch_runs impl_1 -to_step write_bitstream -jobs 12
ERROR: [Common 17-180] Spawn failed: No error
ERROR: [Vivado 12-4756] Launch of runs aborted due to earlier errors while preparing sub-designs for run execution.
WARNING: [filemgmt 56-199] Attempt to get parsing info during refresh. "On-the-fly" syntax checking information may be incorrect. [D:\CelestiCall\Hardwares\IPModules\VGA-GPU\VGA-GPU.srcs\sources_1\new\VGA_GPU.v:]
WARNING: [filemgmt 56-199] Attempt to get parsing info during refresh. "On-the-fly" syntax checking information may be incorrect. [D:\CelestiCall\Hardwares\IPModules\VGA-GPU\VGA-GPU.srcs\sources_1\new\frame_counter.sv:]
WARNING: [filemgmt 56-199] Attempt to get parsing info during refresh. "On-the-fly" syntax checking information may be incorrect. [D:\CelestiCall\Hardwares\IPModules\VGA-GPU\VGA-GPU.srcs\sources_1\new\frame_counter.sv:]
WARNING: [filemgmt 56-199] Attempt to get parsing info during refresh. "On-the-fly" syntax checking information may be incorrect. [D:\CelestiCall\Hardwares\IPModules\VGA-GPU\VGA-GPU.srcs\sources_1\new\frame_counter.sv:]
ERROR: [Common 17-180] Spawn failed: No error
launch_runs synth_1 -jobs 12
[Sun Aug 18 20:20:14 2024] Launched synth_1...
Run output will be captured here: D:/CelestiCall/Hardwares/IPModules/VGA-GPU/VGA-GPU.runs/synth_1/runme.log
launch_runs impl_1 -jobs 12
[Sun Aug 18 20:21:08 2024] Launched impl_1...
Run output will be captured here: D:/CelestiCall/Hardwares/IPModules/VGA-GPU/VGA-GPU.runs/impl_1/runme.log
launch_runs impl_1 -to_step write_bitstream -jobs 12
[Sun Aug 18 20:22:56 2024] Launched impl_1...
Run output will be captured here: D:/CelestiCall/Hardwares/IPModules/VGA-GPU/VGA-GPU.runs/impl_1/runme.log
close [ open D:/CelestiCall/Hardwares/IPModules/VGA-GPU/VGA-GPU.srcs/sources_1/new/bar_demo.sv w ]
add_files D:/CelestiCall/Hardwares/IPModules/VGA-GPU/VGA-GPU.srcs/sources_1/new/bar_demo.sv
WARNING: [filemgmt 56-199] Attempt to get parsing info during refresh. "On-the-fly" syntax checking information may be incorrect. [D:\CelestiCall\Hardwares\IPModules\VGA-GPU\VGA-GPU.srcs\sources_1\new\VGA_GPU.v:]
WARNING: [filemgmt 56-199] Attempt to get parsing info during refresh. "On-the-fly" syntax checking information may be incorrect. [D:\CelestiCall\Hardwares\IPModules\VGA-GPU\VGA-GPU.srcs\sources_1\new\frame_counter.sv:]
WARNING: [filemgmt 56-199] Attempt to get parsing info during refresh. "On-the-fly" syntax checking information may be incorrect. [D:\CelestiCall\Hardwares\IPModules\VGA-GPU\VGA-GPU.srcs\sources_1\new\frame_counter.sv:]
WARNING: [filemgmt 56-199] Attempt to get parsing info during refresh. "On-the-fly" syntax checking information may be incorrect. [D:\CelestiCall\Hardwares\IPModules\VGA-GPU\VGA-GPU.srcs\sources_1\new\frame_counter.sv:]
ERROR: [Common 17-180] Spawn failed: No error
WARNING: [filemgmt 56-199] Attempt to get parsing info during refresh. "On-the-fly" syntax checking information may be incorrect. [D:\CelestiCall\Hardwares\IPModules\VGA-GPU\VGA-GPU.srcs\sources_1\new\VGA_GPU.v:]
WARNING: [filemgmt 56-199] Attempt to get parsing info during refresh. "On-the-fly" syntax checking information may be incorrect. [D:\CelestiCall\Hardwares\IPModules\VGA-GPU\VGA-GPU.srcs\sources_1\new\frame_counter.sv:]
WARNING: [filemgmt 56-199] Attempt to get parsing info during refresh. "On-the-fly" syntax checking information may be incorrect. [D:\CelestiCall\Hardwares\IPModules\VGA-GPU\VGA-GPU.srcs\sources_1\new\frame_counter.sv:]
WARNING: [filemgmt 56-199] Attempt to get parsing info during refresh. "On-the-fly" syntax checking information may be incorrect. [D:\CelestiCall\Hardwares\IPModules\VGA-GPU\VGA-GPU.srcs\sources_1\new\frame_counter.sv:]
ERROR: [Common 17-180] Spawn failed: No error
update_compile_order -fileset sources_1
WARNING: [filemgmt 56-199] Attempt to get parsing info during refresh. "On-the-fly" syntax checking information may be incorrect. [D:\CelestiCall\Hardwares\IPModules\VGA-GPU\VGA-GPU.srcs\sources_1\new\VGA_GPU.v:]
WARNING: [filemgmt 56-199] Attempt to get parsing info during refresh. "On-the-fly" syntax checking information may be incorrect. [D:\CelestiCall\Hardwares\IPModules\VGA-GPU\VGA-GPU.srcs\sources_1\new\frame_counter.sv:]
WARNING: [filemgmt 56-199] Attempt to get parsing info during refresh. "On-the-fly" syntax checking information may be incorrect. [D:\CelestiCall\Hardwares\IPModules\VGA-GPU\VGA-GPU.srcs\sources_1\new\frame_counter.sv:]
WARNING: [filemgmt 56-199] Attempt to get parsing info during refresh. "On-the-fly" syntax checking information may be incorrect. [D:\CelestiCall\Hardwares\IPModules\VGA-GPU\VGA-GPU.srcs\sources_1\new\frame_counter.sv:]
ERROR: [Common 17-180] Spawn failed: No error
close [ open D:/CelestiCall/Hardwares/IPModules/VGA-GPU/VGA-GPU.srcs/sources_1/new/rgb2gray.sv w ]
add_files D:/CelestiCall/Hardwares/IPModules/VGA-GPU/VGA-GPU.srcs/sources_1/new/rgb2gray.sv
WARNING: [filemgmt 56-199] Attempt to get parsing info during refresh. "On-the-fly" syntax checking information may be incorrect. [D:\CelestiCall\Hardwares\IPModules\VGA-GPU\VGA-GPU.srcs\sources_1\new\VGA_GPU.v:]
WARNING: [filemgmt 56-199] Attempt to get parsing info during refresh. "On-the-fly" syntax checking information may be incorrect. [D:\CelestiCall\Hardwares\IPModules\VGA-GPU\VGA-GPU.srcs\sources_1\new\frame_counter.sv:]
WARNING: [filemgmt 56-199] Attempt to get parsing info during refresh. "On-the-fly" syntax checking information may be incorrect. [D:\CelestiCall\Hardwares\IPModules\VGA-GPU\VGA-GPU.srcs\sources_1\new\frame_counter.sv:]
WARNING: [filemgmt 56-199] Attempt to get parsing info during refresh. "On-the-fly" syntax checking information may be incorrect. [D:\CelestiCall\Hardwares\IPModules\VGA-GPU\VGA-GPU.srcs\sources_1\new\frame_counter.sv:]
ERROR: [Common 17-180] Spawn failed: No error
WARNING: [filemgmt 56-199] Attempt to get parsing info during refresh. "On-the-fly" syntax checking information may be incorrect. [D:\CelestiCall\Hardwares\IPModules\VGA-GPU\VGA-GPU.srcs\sources_1\new\VGA_GPU.v:]
WARNING: [filemgmt 56-199] Attempt to get parsing info during refresh. "On-the-fly" syntax checking information may be incorrect. [D:\CelestiCall\Hardwares\IPModules\VGA-GPU\VGA-GPU.srcs\sources_1\new\frame_counter.sv:]
WARNING: [filemgmt 56-199] Attempt to get parsing info during refresh. "On-the-fly" syntax checking information may be incorrect. [D:\CelestiCall\Hardwares\IPModules\VGA-GPU\VGA-GPU.srcs\sources_1\new\frame_counter.sv:]
WARNING: [filemgmt 56-199] Attempt to get parsing info during refresh. "On-the-fly" syntax checking information may be incorrect. [D:\CelestiCall\Hardwares\IPModules\VGA-GPU\VGA-GPU.srcs\sources_1\new\frame_counter.sv:]
ERROR: [Common 17-180] Spawn failed: No error
update_compile_order -fileset sources_1
WARNING: [filemgmt 56-199] Attempt to get parsing info during refresh. "On-the-fly" syntax checking information may be incorrect. [D:\CelestiCall\Hardwares\IPModules\VGA-GPU\VGA-GPU.srcs\sources_1\new\VGA_GPU.v:]
WARNING: [filemgmt 56-199] Attempt to get parsing info during refresh. "On-the-fly" syntax checking information may be incorrect. [D:\CelestiCall\Hardwares\IPModules\VGA-GPU\VGA-GPU.srcs\sources_1\new\frame_counter.sv:]
WARNING: [filemgmt 56-199] Attempt to get parsing info during refresh. "On-the-fly" syntax checking information may be incorrect. [D:\CelestiCall\Hardwares\IPModules\VGA-GPU\VGA-GPU.srcs\sources_1\new\frame_counter.sv:]
WARNING: [filemgmt 56-199] Attempt to get parsing info during refresh. "On-the-fly" syntax checking information may be incorrect. [D:\CelestiCall\Hardwares\IPModules\VGA-GPU\VGA-GPU.srcs\sources_1\new\frame_counter.sv:]
ERROR: [Common 17-180] Spawn failed: No error
close [ open D:/CelestiCall/Hardwares/IPModules/VGA-GPU/VGA-GPU.srcs/sources_1/new/vga_demo.sv w ]
add_files D:/CelestiCall/Hardwares/IPModules/VGA-GPU/VGA-GPU.srcs/sources_1/new/vga_demo.sv
WARNING: [filemgmt 56-199] Attempt to get parsing info during refresh. "On-the-fly" syntax checking information may be incorrect. [D:\CelestiCall\Hardwares\IPModules\VGA-GPU\VGA-GPU.srcs\sources_1\new\VGA_GPU.v:]
WARNING: [filemgmt 56-199] Attempt to get parsing info during refresh. "On-the-fly" syntax checking information may be incorrect. [D:\CelestiCall\Hardwares\IPModules\VGA-GPU\VGA-GPU.srcs\sources_1\new\frame_counter.sv:]
WARNING: [filemgmt 56-199] Attempt to get parsing info during refresh. "On-the-fly" syntax checking information may be incorrect. [D:\CelestiCall\Hardwares\IPModules\VGA-GPU\VGA-GPU.srcs\sources_1\new\frame_counter.sv:]
WARNING: [filemgmt 56-199] Attempt to get parsing info during refresh. "On-the-fly" syntax checking information may be incorrect. [D:\CelestiCall\Hardwares\IPModules\VGA-GPU\VGA-GPU.srcs\sources_1\new\frame_counter.sv:]
ERROR: [Common 17-180] Spawn failed: No error
WARNING: [filemgmt 56-199] Attempt to get parsing info during refresh. "On-the-fly" syntax checking information may be incorrect. [D:\CelestiCall\Hardwares\IPModules\VGA-GPU\VGA-GPU.srcs\sources_1\new\VGA_GPU.v:]
WARNING: [filemgmt 56-199] Attempt to get parsing info during refresh. "On-the-fly" syntax checking information may be incorrect. [D:\CelestiCall\Hardwares\IPModules\VGA-GPU\VGA-GPU.srcs\sources_1\new\frame_counter.sv:]
WARNING: [filemgmt 56-199] Attempt to get parsing info during refresh. "On-the-fly" syntax checking information may be incorrect. [D:\CelestiCall\Hardwares\IPModules\VGA-GPU\VGA-GPU.srcs\sources_1\new\frame_counter.sv:]
WARNING: [filemgmt 56-199] Attempt to get parsing info during refresh. "On-the-fly" syntax checking information may be incorrect. [D:\CelestiCall\Hardwares\IPModules\VGA-GPU\VGA-GPU.srcs\sources_1\new\frame_counter.sv:]
ERROR: [Common 17-180] Spawn failed: No error
update_compile_order -fileset sources_1
WARNING: [filemgmt 56-199] Attempt to get parsing info during refresh. "On-the-fly" syntax checking information may be incorrect. [D:\CelestiCall\Hardwares\IPModules\VGA-GPU\VGA-GPU.srcs\sources_1\new\VGA_GPU.v:]
WARNING: [filemgmt 56-199] Attempt to get parsing info during refresh. "On-the-fly" syntax checking information may be incorrect. [D:\CelestiCall\Hardwares\IPModules\VGA-GPU\VGA-GPU.srcs\sources_1\new\frame_counter.sv:]
WARNING: [filemgmt 56-199] Attempt to get parsing info during refresh. "On-the-fly" syntax checking information may be incorrect. [D:\CelestiCall\Hardwares\IPModules\VGA-GPU\VGA-GPU.srcs\sources_1\new\frame_counter.sv:]
WARNING: [filemgmt 56-199] Attempt to get parsing info during refresh. "On-the-fly" syntax checking information may be incorrect. [D:\CelestiCall\Hardwares\IPModules\VGA-GPU\VGA-GPU.srcs\sources_1\new\frame_counter.sv:]
ERROR: [Common 17-180] Spawn failed: No error
WARNING: [filemgmt 56-199] Attempt to get parsing info during refresh. "On-the-fly" syntax checking information may be incorrect. [D:\CelestiCall\Hardwares\IPModules\VGA-GPU\VGA-GPU.srcs\sources_1\new\rgb2gray.sv:]
WARNING: [filemgmt 56-199] Attempt to get parsing info during refresh. "On-the-fly" syntax checking information may be incorrect. [D:\CelestiCall\Hardwares\IPModules\VGA-GPU\VGA-GPU.srcs\sources_1\new\bar_demo.sv:]
WARNING: [filemgmt 56-199] Attempt to get parsing info during refresh. "On-the-fly" syntax checking information may be incorrect. [D:\CelestiCall\Hardwares\IPModules\VGA-GPU\VGA-GPU.srcs\sources_1\new\vga_demo.sv:]
WARNING: [filemgmt 56-199] Attempt to get parsing info during refresh. "On-the-fly" syntax checking information may be incorrect. [D:\CelestiCall\Hardwares\IPModules\VGA-GPU\VGA-GPU.srcs\sources_1\new\VGA_GPU.v:]
WARNING: [filemgmt 56-199] Attempt to get parsing info during refresh. "On-the-fly" syntax checking information may be incorrect. [D:\CelestiCall\Hardwares\IPModules\VGA-GPU\VGA-GPU.srcs\sources_1\new\frame_counter.sv:]
WARNING: [filemgmt 56-199] Attempt to get parsing info during refresh. "On-the-fly" syntax checking information may be incorrect. [D:\CelestiCall\Hardwares\IPModules\VGA-GPU\VGA-GPU.srcs\sources_1\new\frame_counter.sv:]
WARNING: [filemgmt 56-199] Attempt to get parsing info during refresh. "On-the-fly" syntax checking information may be incorrect. [D:\CelestiCall\Hardwares\IPModules\VGA-GPU\VGA-GPU.srcs\sources_1\new\frame_counter.sv:]
WARNING: [filemgmt 56-199] Attempt to get parsing info during refresh. "On-the-fly" syntax checking information may be incorrect. [D:\CelestiCall\Hardwares\IPModules\VGA-GPU\VGA-GPU.srcs\sources_1\new\rgb2gray.sv:]
WARNING: [filemgmt 56-199] Attempt to get parsing info during refresh. "On-the-fly" syntax checking information may be incorrect. [D:\CelestiCall\Hardwares\IPModules\VGA-GPU\VGA-GPU.srcs\sources_1\new\bar_demo.sv:]
WARNING: [filemgmt 56-199] Attempt to get parsing info during refresh. "On-the-fly" syntax checking information may be incorrect. [D:\CelestiCall\Hardwares\IPModules\VGA-GPU\VGA-GPU.srcs\sources_1\new\vga_demo.sv:]
WARNING: [filemgmt 56-199] Attempt to get parsing info during refresh. "On-the-fly" syntax checking information may be incorrect. [D:\CelestiCall\Hardwares\IPModules\VGA-GPU\VGA-GPU.srcs\sources_1\new\VGA_GPU.v:]
WARNING: [filemgmt 56-199] Attempt to get parsing info during refresh. "On-the-fly" syntax checking information may be incorrect. [D:\CelestiCall\Hardwares\IPModules\VGA-GPU\VGA-GPU.srcs\sources_1\new\frame_counter.sv:]
WARNING: [filemgmt 56-199] Attempt to get parsing info during refresh. "On-the-fly" syntax checking information may be incorrect. [D:\CelestiCall\Hardwares\IPModules\VGA-GPU\VGA-GPU.srcs\sources_1\new\rgb2gray.sv:]
WARNING: [filemgmt 56-199] Attempt to get parsing info during refresh. "On-the-fly" syntax checking information may be incorrect. [D:\CelestiCall\Hardwares\IPModules\VGA-GPU\VGA-GPU.srcs\sources_1\new\rgb2gray.sv:]
WARNING: [filemgmt 56-199] Attempt to get parsing info during refresh. "On-the-fly" syntax checking information may be incorrect. [D:\CelestiCall\Hardwares\IPModules\VGA-GPU\VGA-GPU.srcs\sources_1\new\rgb2gray.sv:]
WARNING: [filemgmt 56-199] Attempt to get parsing info during refresh. "On-the-fly" syntax checking information may be incorrect. [D:\CelestiCall\Hardwares\IPModules\VGA-GPU\VGA-GPU.srcs\sources_1\new\bar_demo.sv:]
WARNING: [filemgmt 56-199] Attempt to get parsing info during refresh. "On-the-fly" syntax checking information may be incorrect. [D:\CelestiCall\Hardwares\IPModules\VGA-GPU\VGA-GPU.srcs\sources_1\new\vga_demo.sv:]
WARNING: [filemgmt 56-199] Attempt to get parsing info during refresh. "On-the-fly" syntax checking information may be incorrect. [D:\CelestiCall\Hardwares\IPModules\VGA-GPU\VGA-GPU.srcs\sources_1\new\VGA_GPU.v:]
WARNING: [filemgmt 56-199] Attempt to get parsing info during refresh. "On-the-fly" syntax checking information may be incorrect. [D:\CelestiCall\Hardwares\IPModules\VGA-GPU\VGA-GPU.srcs\sources_1\new\frame_counter.sv:]
WARNING: [filemgmt 56-199] Attempt to get parsing info during refresh. "On-the-fly" syntax checking information may be incorrect. [D:\CelestiCall\Hardwares\IPModules\VGA-GPU\VGA-GPU.srcs\sources_1\new\VGA_GPU.v:]
WARNING: [filemgmt 56-199] Attempt to get parsing info during refresh. "On-the-fly" syntax checking information may be incorrect. [D:\CelestiCall\Hardwares\IPModules\VGA-GPU\VGA-GPU.srcs\sources_1\new\VGA_GPU.v:]
ERROR: [Common 17-180] Spawn failed: No error
WARNING: [filemgmt 56-199] Attempt to get parsing info during refresh. "On-the-fly" syntax checking information may be incorrect. [D:\CelestiCall\Hardwares\IPModules\VGA-GPU\VGA-GPU.srcs\sources_1\new\rgb2gray.sv:]
WARNING: [filemgmt 56-199] Attempt to get parsing info during refresh. "On-the-fly" syntax checking information may be incorrect. [D:\CelestiCall\Hardwares\IPModules\VGA-GPU\VGA-GPU.srcs\sources_1\new\bar_demo.sv:]
WARNING: [filemgmt 56-199] Attempt to get parsing info during refresh. "On-the-fly" syntax checking information may be incorrect. [D:\CelestiCall\Hardwares\IPModules\VGA-GPU\VGA-GPU.srcs\sources_1\new\vga_demo.sv:]
WARNING: [filemgmt 56-199] Attempt to get parsing info during refresh. "On-the-fly" syntax checking information may be incorrect. [D:\CelestiCall\Hardwares\IPModules\VGA-GPU\VGA-GPU.srcs\sources_1\new\VGA_GPU.v:]
WARNING: [filemgmt 56-199] Attempt to get parsing info during refresh. "On-the-fly" syntax checking information may be incorrect. [D:\CelestiCall\Hardwares\IPModules\VGA-GPU\VGA-GPU.srcs\sources_1\new\frame_counter.sv:]
WARNING: [filemgmt 56-199] Attempt to get parsing info during refresh. "On-the-fly" syntax checking information may be incorrect. [D:\CelestiCall\Hardwares\IPModules\VGA-GPU\VGA-GPU.srcs\sources_1\new\bar_demo.sv:]
WARNING: [filemgmt 56-199] Attempt to get parsing info during refresh. "On-the-fly" syntax checking information may be incorrect. [D:\CelestiCall\Hardwares\IPModules\VGA-GPU\VGA-GPU.srcs\sources_1\new\bar_demo.sv:]
ERROR: [Common 17-180] Spawn failed: No error
WARNING: [filemgmt 56-199] Attempt to get parsing info during refresh. "On-the-fly" syntax checking information may be incorrect. [D:\CelestiCall\Hardwares\IPModules\VGA-GPU\VGA-GPU.srcs\sources_1\new\rgb2gray.sv:]
WARNING: [filemgmt 56-199] Attempt to get parsing info during refresh. "On-the-fly" syntax checking information may be incorrect. [D:\CelestiCall\Hardwares\IPModules\VGA-GPU\VGA-GPU.srcs\sources_1\new\bar_demo.sv:]
WARNING: [filemgmt 56-199] Attempt to get parsing info during refresh. "On-the-fly" syntax checking information may be incorrect. [D:\CelestiCall\Hardwares\IPModules\VGA-GPU\VGA-GPU.srcs\sources_1\new\vga_demo.sv:]
WARNING: [filemgmt 56-199] Attempt to get parsing info during refresh. "On-the-fly" syntax checking information may be incorrect. [D:\CelestiCall\Hardwares\IPModules\VGA-GPU\VGA-GPU.srcs\sources_1\new\VGA_GPU.v:]
WARNING: [filemgmt 56-199] Attempt to get parsing info during refresh. "On-the-fly" syntax checking information may be incorrect. [D:\CelestiCall\Hardwares\IPModules\VGA-GPU\VGA-GPU.srcs\sources_1\new\frame_counter.sv:]
WARNING: [filemgmt 56-199] Attempt to get parsing info during refresh. "On-the-fly" syntax checking information may be incorrect. [D:\CelestiCall\Hardwares\IPModules\VGA-GPU\VGA-GPU.srcs\sources_1\new\bar_demo.sv:]
WARNING: [filemgmt 56-199] Attempt to get parsing info during refresh. "On-the-fly" syntax checking information may be incorrect. [D:\CelestiCall\Hardwares\IPModules\VGA-GPU\VGA-GPU.srcs\sources_1\new\bar_demo.sv:]
WARNING: [filemgmt 56-199] Attempt to get parsing info during refresh. "On-the-fly" syntax checking information may be incorrect. [D:\CelestiCall\Hardwares\IPModules\VGA-GPU\VGA-GPU.srcs\sources_1\new\rgb2gray.sv:]
WARNING: [filemgmt 56-199] Attempt to get parsing info during refresh. "On-the-fly" syntax checking information may be incorrect. [D:\CelestiCall\Hardwares\IPModules\VGA-GPU\VGA-GPU.srcs\sources_1\new\bar_demo.sv:]
WARNING: [filemgmt 56-199] Attempt to get parsing info during refresh. "On-the-fly" syntax checking information may be incorrect. [D:\CelestiCall\Hardwares\IPModules\VGA-GPU\VGA-GPU.srcs\sources_1\new\vga_demo.sv:]
WARNING: [filemgmt 56-199] Attempt to get parsing info during refresh. "On-the-fly" syntax checking information may be incorrect. [D:\CelestiCall\Hardwares\IPModules\VGA-GPU\VGA-GPU.srcs\sources_1\new\VGA_GPU.v:]
WARNING: [filemgmt 56-199] Attempt to get parsing info during refresh. "On-the-fly" syntax checking information may be incorrect. [D:\CelestiCall\Hardwares\IPModules\VGA-GPU\VGA-GPU.srcs\sources_1\new\frame_counter.sv:]
WARNING: [filemgmt 56-199] Attempt to get parsing info during refresh. "On-the-fly" syntax checking information may be incorrect. [D:\CelestiCall\Hardwares\IPModules\VGA-GPU\VGA-GPU.srcs\sources_1\new\vga_demo.sv:]
WARNING: [filemgmt 56-199] Attempt to get parsing info during refresh. "On-the-fly" syntax checking information may be incorrect. [D:\CelestiCall\Hardwares\IPModules\VGA-GPU\VGA-GPU.srcs\sources_1\new\vga_demo.sv:]
ERROR: [Common 17-180] Spawn failed: No error
ERROR: [Common 17-180] Spawn failed: No error
update_compile_order -fileset sources_1
WARNING: [filemgmt 56-199] Attempt to get parsing info during refresh. "On-the-fly" syntax checking information may be incorrect. [D:\CelestiCall\Hardwares\IPModules\VGA-GPU\VGA-GPU.srcs\sources_1\new\rgb2gray.sv:]
WARNING: [filemgmt 56-199] Attempt to get parsing info during refresh. "On-the-fly" syntax checking information may be incorrect. [D:\CelestiCall\Hardwares\IPModules\VGA-GPU\VGA-GPU.srcs\sources_1\new\bar_demo.sv:]
WARNING: [filemgmt 56-199] Attempt to get parsing info during refresh. "On-the-fly" syntax checking information may be incorrect. [D:\CelestiCall\Hardwares\IPModules\VGA-GPU\VGA-GPU.srcs\sources_1\new\vga_demo.sv:]
WARNING: [filemgmt 56-199] Attempt to get parsing info during refresh. "On-the-fly" syntax checking information may be incorrect. [D:\CelestiCall\Hardwares\IPModules\VGA-GPU\VGA-GPU.srcs\sources_1\new\VGA_GPU.v:]
WARNING: [filemgmt 56-199] Attempt to get parsing info during refresh. "On-the-fly" syntax checking information may be incorrect. [D:\CelestiCall\Hardwares\IPModules\VGA-GPU\VGA-GPU.srcs\sources_1\new\frame_counter.sv:]
WARNING: [filemgmt 56-199] Attempt to get parsing info during refresh. "On-the-fly" syntax checking information may be incorrect. [D:\CelestiCall\Hardwares\IPModules\VGA-GPU\VGA-GPU.srcs\sources_1\new\frame_counter.sv:]
WARNING: [filemgmt 56-199] Attempt to get parsing info during refresh. "On-the-fly" syntax checking information may be incorrect. [D:\CelestiCall\Hardwares\IPModules\VGA-GPU\VGA-GPU.srcs\sources_1\new\frame_counter.sv:]
WARNING: [filemgmt 56-199] Attempt to get parsing info during refresh. "On-the-fly" syntax checking information may be incorrect. [D:\CelestiCall\Hardwares\IPModules\VGA-GPU\VGA-GPU.srcs\sources_1\new\rgb2gray.sv:]
WARNING: [filemgmt 56-199] Attempt to get parsing info during refresh. "On-the-fly" syntax checking information may be incorrect. [D:\CelestiCall\Hardwares\IPModules\VGA-GPU\VGA-GPU.srcs\sources_1\new\bar_demo.sv:]
WARNING: [filemgmt 56-199] Attempt to get parsing info during refresh. "On-the-fly" syntax checking information may be incorrect. [D:\CelestiCall\Hardwares\IPModules\VGA-GPU\VGA-GPU.srcs\sources_1\new\vga_demo.sv:]
WARNING: [filemgmt 56-199] Attempt to get parsing info during refresh. "On-the-fly" syntax checking information may be incorrect. [D:\CelestiCall\Hardwares\IPModules\VGA-GPU\VGA-GPU.srcs\sources_1\new\VGA_GPU.v:]
WARNING: [filemgmt 56-199] Attempt to get parsing info during refresh. "On-the-fly" syntax checking information may be incorrect. [D:\CelestiCall\Hardwares\IPModules\VGA-GPU\VGA-GPU.srcs\sources_1\new\frame_counter.sv:]
WARNING: [filemgmt 56-199] Attempt to get parsing info during refresh. "On-the-fly" syntax checking information may be incorrect. [D:\CelestiCall\Hardwares\IPModules\VGA-GPU\VGA-GPU.srcs\sources_1\new\rgb2gray.sv:]
WARNING: [filemgmt 56-199] Attempt to get parsing info during refresh. "On-the-fly" syntax checking information may be incorrect. [D:\CelestiCall\Hardwares\IPModules\VGA-GPU\VGA-GPU.srcs\sources_1\new\rgb2gray.sv:]
WARNING: [filemgmt 56-199] Attempt to get parsing info during refresh. "On-the-fly" syntax checking information may be incorrect. [D:\CelestiCall\Hardwares\IPModules\VGA-GPU\VGA-GPU.srcs\sources_1\new\rgb2gray.sv:]
WARNING: [filemgmt 56-199] Attempt to get parsing info during refresh. "On-the-fly" syntax checking information may be incorrect. [D:\CelestiCall\Hardwares\IPModules\VGA-GPU\VGA-GPU.srcs\sources_1\new\bar_demo.sv:]
WARNING: [filemgmt 56-199] Attempt to get parsing info during refresh. "On-the-fly" syntax checking information may be incorrect. [D:\CelestiCall\Hardwares\IPModules\VGA-GPU\VGA-GPU.srcs\sources_1\new\vga_demo.sv:]
WARNING: [filemgmt 56-199] Attempt to get parsing info during refresh. "On-the-fly" syntax checking information may be incorrect. [D:\CelestiCall\Hardwares\IPModules\VGA-GPU\VGA-GPU.srcs\sources_1\new\VGA_GPU.v:]
WARNING: [filemgmt 56-199] Attempt to get parsing info during refresh. "On-the-fly" syntax checking information may be incorrect. [D:\CelestiCall\Hardwares\IPModules\VGA-GPU\VGA-GPU.srcs\sources_1\new\frame_counter.sv:]
WARNING: [filemgmt 56-199] Attempt to get parsing info during refresh. "On-the-fly" syntax checking information may be incorrect. [D:\CelestiCall\Hardwares\IPModules\VGA-GPU\VGA-GPU.srcs\sources_1\new\VGA_GPU.v:]
WARNING: [filemgmt 56-199] Attempt to get parsing info during refresh. "On-the-fly" syntax checking information may be incorrect. [D:\CelestiCall\Hardwares\IPModules\VGA-GPU\VGA-GPU.srcs\sources_1\new\VGA_GPU.v:]
WARNING: [filemgmt 56-199] Attempt to get parsing info during refresh. "On-the-fly" syntax checking information may be incorrect. [D:\CelestiCall\Hardwares\IPModules\VGA-GPU\VGA-GPU.srcs\sources_1\new\rgb2gray.sv:]
WARNING: [filemgmt 56-199] Attempt to get parsing info during refresh. "On-the-fly" syntax checking information may be incorrect. [D:\CelestiCall\Hardwares\IPModules\VGA-GPU\VGA-GPU.srcs\sources_1\new\bar_demo.sv:]
WARNING: [filemgmt 56-199] Attempt to get parsing info during refresh. "On-the-fly" syntax checking information may be incorrect. [D:\CelestiCall\Hardwares\IPModules\VGA-GPU\VGA-GPU.srcs\sources_1\new\vga_demo.sv:]
WARNING: [filemgmt 56-199] Attempt to get parsing info during refresh. "On-the-fly" syntax checking information may be incorrect. [D:\CelestiCall\Hardwares\IPModules\VGA-GPU\VGA-GPU.srcs\sources_1\new\VGA_GPU.v:]
WARNING: [filemgmt 56-199] Attempt to get parsing info during refresh. "On-the-fly" syntax checking information may be incorrect. [D:\CelestiCall\Hardwares\IPModules\VGA-GPU\VGA-GPU.srcs\sources_1\new\frame_counter.sv:]
WARNING: [filemgmt 56-199] Attempt to get parsing info during refresh. "On-the-fly" syntax checking information may be incorrect. [D:\CelestiCall\Hardwares\IPModules\VGA-GPU\VGA-GPU.srcs\sources_1\new\bar_demo.sv:]
WARNING: [filemgmt 56-199] Attempt to get parsing info during refresh. "On-the-fly" syntax checking information may be incorrect. [D:\CelestiCall\Hardwares\IPModules\VGA-GPU\VGA-GPU.srcs\sources_1\new\bar_demo.sv:]
ERROR: [Common 17-180] Spawn failed: No error
WARNING: [filemgmt 56-199] Attempt to get parsing info during refresh. "On-the-fly" syntax checking information may be incorrect. [D:\CelestiCall\Hardwares\IPModules\VGA-GPU\VGA-GPU.srcs\sources_1\new\rgb2gray.sv:]
WARNING: [filemgmt 56-199] Attempt to get parsing info during refresh. "On-the-fly" syntax checking information may be incorrect. [D:\CelestiCall\Hardwares\IPModules\VGA-GPU\VGA-GPU.srcs\sources_1\new\bar_demo.sv:]
WARNING: [filemgmt 56-199] Attempt to get parsing info during refresh. "On-the-fly" syntax checking information may be incorrect. [D:\CelestiCall\Hardwares\IPModules\VGA-GPU\VGA-GPU.srcs\sources_1\new\vga_demo.sv:]
WARNING: [filemgmt 56-199] Attempt to get parsing info during refresh. "On-the-fly" syntax checking information may be incorrect. [D:\CelestiCall\Hardwares\IPModules\VGA-GPU\VGA-GPU.srcs\sources_1\new\VGA_GPU.v:]
WARNING: [filemgmt 56-199] Attempt to get parsing info during refresh. "On-the-fly" syntax checking information may be incorrect. [D:\CelestiCall\Hardwares\IPModules\VGA-GPU\VGA-GPU.srcs\sources_1\new\frame_counter.sv:]
WARNING: [filemgmt 56-199] Attempt to get parsing info during refresh. "On-the-fly" syntax checking information may be incorrect. [D:\CelestiCall\Hardwares\IPModules\VGA-GPU\VGA-GPU.srcs\sources_1\new\frame_counter.sv:]
WARNING: [filemgmt 56-199] Attempt to get parsing info during refresh. "On-the-fly" syntax checking information may be incorrect. [D:\CelestiCall\Hardwares\IPModules\VGA-GPU\VGA-GPU.srcs\sources_1\new\frame_counter.sv:]
WARNING: [filemgmt 56-199] Attempt to get parsing info during refresh. "On-the-fly" syntax checking information may be incorrect. [D:\CelestiCall\Hardwares\IPModules\VGA-GPU\VGA-GPU.srcs\sources_1\new\rgb2gray.sv:]
WARNING: [filemgmt 56-199] Attempt to get parsing info during refresh. "On-the-fly" syntax checking information may be incorrect. [D:\CelestiCall\Hardwares\IPModules\VGA-GPU\VGA-GPU.srcs\sources_1\new\bar_demo.sv:]
WARNING: [filemgmt 56-199] Attempt to get parsing info during refresh. "On-the-fly" syntax checking information may be incorrect. [D:\CelestiCall\Hardwares\IPModules\VGA-GPU\VGA-GPU.srcs\sources_1\new\vga_demo.sv:]
WARNING: [filemgmt 56-199] Attempt to get parsing info during refresh. "On-the-fly" syntax checking information may be incorrect. [D:\CelestiCall\Hardwares\IPModules\VGA-GPU\VGA-GPU.srcs\sources_1\new\VGA_GPU.v:]
WARNING: [filemgmt 56-199] Attempt to get parsing info during refresh. "On-the-fly" syntax checking information may be incorrect. [D:\CelestiCall\Hardwares\IPModules\VGA-GPU\VGA-GPU.srcs\sources_1\new\frame_counter.sv:]
WARNING: [filemgmt 56-199] Attempt to get parsing info during refresh. "On-the-fly" syntax checking information may be incorrect. [D:\CelestiCall\Hardwares\IPModules\VGA-GPU\VGA-GPU.srcs\sources_1\new\rgb2gray.sv:]
WARNING: [filemgmt 56-199] Attempt to get parsing info during refresh. "On-the-fly" syntax checking information may be incorrect. [D:\CelestiCall\Hardwares\IPModules\VGA-GPU\VGA-GPU.srcs\sources_1\new\rgb2gray.sv:]
reset_run impl_1 -prev_step 
launch_runs impl_1 -to_step write_bitstream -jobs 12
WARNING: [filemgmt 56-199] Attempt to get parsing info during refresh. "On-the-fly" syntax checking information may be incorrect. [D:\CelestiCall\Hardwares\IPModules\VGA-GPU\VGA-GPU.srcs\sources_1\new\rgb2gray.sv:]
WARNING: [filemgmt 56-199] Attempt to get parsing info during refresh. "On-the-fly" syntax checking information may be incorrect. [D:\CelestiCall\Hardwares\IPModules\VGA-GPU\VGA-GPU.srcs\sources_1\new\bar_demo.sv:]
WARNING: [filemgmt 56-199] Attempt to get parsing info during refresh. "On-the-fly" syntax checking information may be incorrect. [D:\CelestiCall\Hardwares\IPModules\VGA-GPU\VGA-GPU.srcs\sources_1\new\vga_demo.sv:]
WARNING: [filemgmt 56-199] Attempt to get parsing info during refresh. "On-the-fly" syntax checking information may be incorrect. [D:\CelestiCall\Hardwares\IPModules\VGA-GPU\VGA-GPU.srcs\sources_1\new\VGA_GPU.v:]
WARNING: [filemgmt 56-199] Attempt to get parsing info during refresh. "On-the-fly" syntax checking information may be incorrect. [D:\CelestiCall\Hardwares\IPModules\VGA-GPU\VGA-GPU.srcs\sources_1\new\frame_counter.sv:]
WARNING: [filemgmt 56-199] Attempt to get parsing info during refresh. "On-the-fly" syntax checking information may be incorrect. [D:\CelestiCall\Hardwares\IPModules\VGA-GPU\VGA-GPU.srcs\sources_1\new\bar_demo.sv:]
WARNING: [filemgmt 56-199] Attempt to get parsing info during refresh. "On-the-fly" syntax checking information may be incorrect. [D:\CelestiCall\Hardwares\IPModules\VGA-GPU\VGA-GPU.srcs\sources_1\new\bar_demo.sv:]
WARNING: [Vivado 12-872] Run step 'Design Initialization' is out-of-date.
[Sun Aug 18 20:26:50 2024] Launched impl_1...
Run output will be captured here: D:/CelestiCall/Hardwares/IPModules/VGA-GPU/VGA-GPU.runs/impl_1/runme.log
WARNING: [filemgmt 56-199] Attempt to get parsing info during refresh. "On-the-fly" syntax checking information may be incorrect. [D:\CelestiCall\Hardwares\IPModules\VGA-GPU\VGA-GPU.srcs\sources_1\new\rgb2gray.sv:]
WARNING: [filemgmt 56-199] Attempt to get parsing info during refresh. "On-the-fly" syntax checking information may be incorrect. [D:\CelestiCall\Hardwares\IPModules\VGA-GPU\VGA-GPU.srcs\sources_1\new\bar_demo.sv:]
WARNING: [filemgmt 56-199] Attempt to get parsing info during refresh. "On-the-fly" syntax checking information may be incorrect. [D:\CelestiCall\Hardwares\IPModules\VGA-GPU\VGA-GPU.srcs\sources_1\new\vga_demo.sv:]
WARNING: [filemgmt 56-199] Attempt to get parsing info during refresh. "On-the-fly" syntax checking information may be incorrect. [D:\CelestiCall\Hardwares\IPModules\VGA-GPU\VGA-GPU.srcs\sources_1\new\VGA_GPU.v:]
WARNING: [filemgmt 56-199] Attempt to get parsing info during refresh. "On-the-fly" syntax checking information may be incorrect. [D:\CelestiCall\Hardwares\IPModules\VGA-GPU\VGA-GPU.srcs\sources_1\new\frame_counter.sv:]
WARNING: [filemgmt 56-199] Attempt to get parsing info during refresh. "On-the-fly" syntax checking information may be incorrect. [D:\CelestiCall\Hardwares\IPModules\VGA-GPU\VGA-GPU.srcs\sources_1\new\frame_counter.sv:]
WARNING: [filemgmt 56-199] Attempt to get parsing info during refresh. "On-the-fly" syntax checking information may be incorrect. [D:\CelestiCall\Hardwares\IPModules\VGA-GPU\VGA-GPU.srcs\sources_1\new\frame_counter.sv:]
WARNING: [filemgmt 56-199] Attempt to get parsing info during refresh. "On-the-fly" syntax checking information may be incorrect. [D:\CelestiCall\Hardwares\IPModules\VGA-GPU\VGA-GPU.srcs\sources_1\new\rgb2gray.sv:]
WARNING: [filemgmt 56-199] Attempt to get parsing info during refresh. "On-the-fly" syntax checking information may be incorrect. [D:\CelestiCall\Hardwares\IPModules\VGA-GPU\VGA-GPU.srcs\sources_1\new\bar_demo.sv:]
WARNING: [filemgmt 56-199] Attempt to get parsing info during refresh. "On-the-fly" syntax checking information may be incorrect. [D:\CelestiCall\Hardwares\IPModules\VGA-GPU\VGA-GPU.srcs\sources_1\new\vga_demo.sv:]
WARNING: [filemgmt 56-199] Attempt to get parsing info during refresh. "On-the-fly" syntax checking information may be incorrect. [D:\CelestiCall\Hardwares\IPModules\VGA-GPU\VGA-GPU.srcs\sources_1\new\VGA_GPU.v:]
WARNING: [filemgmt 56-199] Attempt to get parsing info during refresh. "On-the-fly" syntax checking information may be incorrect. [D:\CelestiCall\Hardwares\IPModules\VGA-GPU\VGA-GPU.srcs\sources_1\new\frame_counter.sv:]
WARNING: [filemgmt 56-199] Attempt to get parsing info during refresh. "On-the-fly" syntax checking information may be incorrect. [D:\CelestiCall\Hardwares\IPModules\VGA-GPU\VGA-GPU.srcs\sources_1\new\rgb2gray.sv:]
WARNING: [filemgmt 56-199] Attempt to get parsing info during refresh. "On-the-fly" syntax checking information may be incorrect. [D:\CelestiCall\Hardwares\IPModules\VGA-GPU\VGA-GPU.srcs\sources_1\new\rgb2gray.sv:]
WARNING: [filemgmt 56-199] Attempt to get parsing info during refresh. "On-the-fly" syntax checking information may be incorrect. [D:\CelestiCall\Hardwares\IPModules\VGA-GPU\VGA-GPU.srcs\sources_1\new\rgb2gray.sv:]
WARNING: [filemgmt 56-199] Attempt to get parsing info during refresh. "On-the-fly" syntax checking information may be incorrect. [D:\CelestiCall\Hardwares\IPModules\VGA-GPU\VGA-GPU.srcs\sources_1\new\bar_demo.sv:]
WARNING: [filemgmt 56-199] Attempt to get parsing info during refresh. "On-the-fly" syntax checking information may be incorrect. [D:\CelestiCall\Hardwares\IPModules\VGA-GPU\VGA-GPU.srcs\sources_1\new\vga_demo.sv:]
WARNING: [filemgmt 56-199] Attempt to get parsing info during refresh. "On-the-fly" syntax checking information may be incorrect. [D:\CelestiCall\Hardwares\IPModules\VGA-GPU\VGA-GPU.srcs\sources_1\new\VGA_GPU.v:]
WARNING: [filemgmt 56-199] Attempt to get parsing info during refresh. "On-the-fly" syntax checking information may be incorrect. [D:\CelestiCall\Hardwares\IPModules\VGA-GPU\VGA-GPU.srcs\sources_1\new\frame_counter.sv:]
WARNING: [filemgmt 56-199] Attempt to get parsing info during refresh. "On-the-fly" syntax checking information may be incorrect. [D:\CelestiCall\Hardwares\IPModules\VGA-GPU\VGA-GPU.srcs\sources_1\new\vga_demo.sv:]
WARNING: [filemgmt 56-199] Attempt to get parsing info during refresh. "On-the-fly" syntax checking information may be incorrect. [D:\CelestiCall\Hardwares\IPModules\VGA-GPU\VGA-GPU.srcs\sources_1\new\vga_demo.sv:]
WARNING: [filemgmt 56-199] Attempt to get parsing info during refresh. "On-the-fly" syntax checking information may be incorrect. [D:\CelestiCall\Hardwares\IPModules\VGA-GPU\VGA-GPU.srcs\sources_1\new\rgb2gray.sv:]
WARNING: [filemgmt 56-199] Attempt to get parsing info during refresh. "On-the-fly" syntax checking information may be incorrect. [D:\CelestiCall\Hardwares\IPModules\VGA-GPU\VGA-GPU.srcs\sources_1\new\bar_demo.sv:]
WARNING: [filemgmt 56-199] Attempt to get parsing info during refresh. "On-the-fly" syntax checking information may be incorrect. [D:\CelestiCall\Hardwares\IPModules\VGA-GPU\VGA-GPU.srcs\sources_1\new\vga_demo.sv:]
WARNING: [filemgmt 56-199] Attempt to get parsing info during refresh. "On-the-fly" syntax checking information may be incorrect. [D:\CelestiCall\Hardwares\IPModules\VGA-GPU\VGA-GPU.srcs\sources_1\new\VGA_GPU.v:]
WARNING: [filemgmt 56-199] Attempt to get parsing info during refresh. "On-the-fly" syntax checking information may be incorrect. [D:\CelestiCall\Hardwares\IPModules\VGA-GPU\VGA-GPU.srcs\sources_1\new\frame_counter.sv:]
WARNING: [filemgmt 56-199] Attempt to get parsing info during refresh. "On-the-fly" syntax checking information may be incorrect. [D:\CelestiCall\Hardwares\IPModules\VGA-GPU\VGA-GPU.srcs\sources_1\new\VGA_GPU.v:]
WARNING: [filemgmt 56-199] Attempt to get parsing info during refresh. "On-the-fly" syntax checking information may be incorrect. [D:\CelestiCall\Hardwares\IPModules\VGA-GPU\VGA-GPU.srcs\sources_1\new\VGA_GPU.v:]
open_hw_manager
connect_hw_server -allow_non_jtag
INFO: [Labtools 27-2285] Connecting to hw_server url TCP:localhost:3121
INFO: [Labtools 27-2222] Launching hw_server...
INFO: [Labtools 27-2221] Launch Output:

****** Xilinx hw_server v2024.1.0
  **** Build date : Mar  6 2024 at 20:50:54
    ** Copyright 1986-2022 Xilinx, Inc. All Rights Reserved.


INFO: [Labtools 27-3415] Connecting to cs_server url TCP:localhost:0
INFO: [Labtools 27-3417] Launching cs_server...
INFO: [Labtools 27-2221] Launch Output:


******** Xilinx cs_server v2024.1.0
  ****** Build date   : Mar 08 2024-16:00:37
    **** Build number : 2024.1.1709942437
      ** Copyright 2017-2022 Xilinx, Inc. All Rights Reserved.
      ** Copyright 2022-2024 Advanced Micro Devices, Inc. All Rights Reserved.



connect_hw_server: Time (s): cpu = 00:00:00 ; elapsed = 00:00:07 . Memory (MB): peak = 2227.273 ; gain = 8.773
open_hw_target
INFO: [Labtoolstcl 44-466] Opening hw_target localhost:3121/xilinx_tcf/Digilent/210292B9CED2A
set_property PROGRAM.FILE {D:/CelestiCall/Hardwares/IPModules/VGA-GPU/VGA-GPU.runs/impl_1/vga_sync_demo.bit} [get_hw_devices xc7a100t_0]
current_hw_device [get_hw_devices xc7a100t_0]
refresh_hw_device -update_hw_probes false [lindex [get_hw_devices xc7a100t_0] 0]
INFO: [Labtools 27-1434] Device xc7a100t (JTAG device index = 0) is programmed with a design that has no supported debug core(s) in it.
set_property PROBES.FILE {} [get_hw_devices xc7a100t_0]
set_property FULL_PROBES.FILE {} [get_hw_devices xc7a100t_0]
set_property PROGRAM.FILE {D:/CelestiCall/Hardwares/IPModules/VGA-GPU/VGA-GPU.runs/impl_1/vga_sync_demo.bit} [get_hw_devices xc7a100t_0]
program_hw_devices [get_hw_devices xc7a100t_0]
INFO: [Labtools 27-3164] End of startup status: HIGH
refresh_hw_device [lindex [get_hw_devices xc7a100t_0] 0]
INFO: [Labtools 27-1434] Device xc7a100t (JTAG device index = 0) is programmed with a design that has no supported debug core(s) in it.
WARNING: [filemgmt 56-199] Attempt to get parsing info during refresh. "On-the-fly" syntax checking information may be incorrect. [D:\CelestiCall\Hardwares\IPModules\VGA-GPU\VGA-GPU.srcs\sources_1\new\rgb2gray.sv:]
WARNING: [filemgmt 56-199] Attempt to get parsing info during refresh. "On-the-fly" syntax checking information may be incorrect. [D:\CelestiCall\Hardwares\IPModules\VGA-GPU\VGA-GPU.srcs\sources_1\new\bar_demo.sv:]
WARNING: [filemgmt 56-199] Attempt to get parsing info during refresh. "On-the-fly" syntax checking information may be incorrect. [D:\CelestiCall\Hardwares\IPModules\VGA-GPU\VGA-GPU.srcs\sources_1\new\vga_demo.sv:]
WARNING: [filemgmt 56-199] Attempt to get parsing info during refresh. "On-the-fly" syntax checking information may be incorrect. [D:\CelestiCall\Hardwares\IPModules\VGA-GPU\VGA-GPU.srcs\sources_1\new\VGA_GPU.v:]
WARNING: [filemgmt 56-199] Attempt to get parsing info during refresh. "On-the-fly" syntax checking information may be incorrect. [D:\CelestiCall\Hardwares\IPModules\VGA-GPU\VGA-GPU.srcs\sources_1\new\frame_counter.sv:]
WARNING: [filemgmt 56-199] Attempt to get parsing info during refresh. "On-the-fly" syntax checking information may be incorrect. [D:\CelestiCall\Hardwares\IPModules\VGA-GPU\VGA-GPU.srcs\sources_1\new\frame_counter.sv:]
WARNING: [filemgmt 56-199] Attempt to get parsing info during refresh. "On-the-fly" syntax checking information may be incorrect. [D:\CelestiCall\Hardwares\IPModules\VGA-GPU\VGA-GPU.srcs\sources_1\new\frame_counter.sv:]
reset_run synth_1
INFO: [Project 1-1161] Replacing file D:/CelestiCall/Hardwares/IPModules/VGA-GPU/VGA-GPU.srcs/utils_1/imports/synth_1/VGA_Phy.dcp with file D:/CelestiCall/Hardwares/IPModules/VGA-GPU/VGA-GPU.runs/synth_1/vga_sync_demo.dcp
WARNING: [Vivado 12-1017] Problems encountered:
1. Failed to delete one or more files in run directory D:/CelestiCall/Hardwares/IPModules/VGA-GPU/VGA-GPU.runs/synth_1

WARNING: [filemgmt 56-199] Attempt to get parsing info during refresh. "On-the-fly" syntax checking information may be incorrect. [D:\CelestiCall\Hardwares\IPModules\VGA-GPU\VGA-GPU.srcs\sources_1\new\rgb2gray.sv:]
WARNING: [filemgmt 56-199] Attempt to get parsing info during refresh. "On-the-fly" syntax checking information may be incorrect. [D:\CelestiCall\Hardwares\IPModules\VGA-GPU\VGA-GPU.srcs\sources_1\new\bar_demo.sv:]
WARNING: [filemgmt 56-199] Attempt to get parsing info during refresh. "On-the-fly" syntax checking information may be incorrect. [D:\CelestiCall\Hardwares\IPModules\VGA-GPU\VGA-GPU.srcs\sources_1\new\vga_demo.sv:]
WARNING: [filemgmt 56-199] Attempt to get parsing info during refresh. "On-the-fly" syntax checking information may be incorrect. [D:\CelestiCall\Hardwares\IPModules\VGA-GPU\VGA-GPU.srcs\sources_1\new\VGA_GPU.v:]
WARNING: [filemgmt 56-199] Attempt to get parsing info during refresh. "On-the-fly" syntax checking information may be incorrect. [D:\CelestiCall\Hardwares\IPModules\VGA-GPU\VGA-GPU.srcs\sources_1\new\frame_counter.sv:]
WARNING: [filemgmt 56-199] Attempt to get parsing info during refresh. "On-the-fly" syntax checking information may be incorrect. [D:\CelestiCall\Hardwares\IPModules\VGA-GPU\VGA-GPU.srcs\sources_1\new\rgb2gray.sv:]
WARNING: [filemgmt 56-199] Attempt to get parsing info during refresh. "On-the-fly" syntax checking information may be incorrect. [D:\CelestiCall\Hardwares\IPModules\VGA-GPU\VGA-GPU.srcs\sources_1\new\rgb2gray.sv:]
launch_runs impl_1 -to_step write_bitstream -jobs 12
WARNING: [filemgmt 56-199] Attempt to get parsing info during refresh. "On-the-fly" syntax checking information may be incorrect. [D:\CelestiCall\Hardwares\IPModules\VGA-GPU\VGA-GPU.srcs\sources_1\new\rgb2gray.sv:]
WARNING: [filemgmt 56-199] Attempt to get parsing info during refresh. "On-the-fly" syntax checking information may be incorrect. [D:\CelestiCall\Hardwares\IPModules\VGA-GPU\VGA-GPU.srcs\sources_1\new\bar_demo.sv:]
WARNING: [filemgmt 56-199] Attempt to get parsing info during refresh. "On-the-fly" syntax checking information may be incorrect. [D:\CelestiCall\Hardwares\IPModules\VGA-GPU\VGA-GPU.srcs\sources_1\new\vga_demo.sv:]
WARNING: [filemgmt 56-199] Attempt to get parsing info during refresh. "On-the-fly" syntax checking information may be incorrect. [D:\CelestiCall\Hardwares\IPModules\VGA-GPU\VGA-GPU.srcs\sources_1\new\VGA_GPU.v:]
WARNING: [filemgmt 56-199] Attempt to get parsing info during refresh. "On-the-fly" syntax checking information may be incorrect. [D:\CelestiCall\Hardwares\IPModules\VGA-GPU\VGA-GPU.srcs\sources_1\new\frame_counter.sv:]
WARNING: [filemgmt 56-199] Attempt to get parsing info during refresh. "On-the-fly" syntax checking information may be incorrect. [D:\CelestiCall\Hardwares\IPModules\VGA-GPU\VGA-GPU.srcs\sources_1\new\bar_demo.sv:]
WARNING: [filemgmt 56-199] Attempt to get parsing info during refresh. "On-the-fly" syntax checking information may be incorrect. [D:\CelestiCall\Hardwares\IPModules\VGA-GPU\VGA-GPU.srcs\sources_1\new\bar_demo.sv:]
WARNING: [filemgmt 56-199] Attempt to get parsing info during refresh. "On-the-fly" syntax checking information may be incorrect. [D:\CelestiCall\Hardwares\IPModules\VGA-GPU\VGA-GPU.srcs\sources_1\new\rgb2gray.sv:]
WARNING: [filemgmt 56-199] Attempt to get parsing info during refresh. "On-the-fly" syntax checking information may be incorrect. [D:\CelestiCall\Hardwares\IPModules\VGA-GPU\VGA-GPU.srcs\sources_1\new\bar_demo.sv:]
WARNING: [filemgmt 56-199] Attempt to get parsing info during refresh. "On-the-fly" syntax checking information may be incorrect. [D:\CelestiCall\Hardwares\IPModules\VGA-GPU\VGA-GPU.srcs\sources_1\new\vga_demo.sv:]
WARNING: [filemgmt 56-199] Attempt to get parsing info during refresh. "On-the-fly" syntax checking information may be incorrect. [D:\CelestiCall\Hardwares\IPModules\VGA-GPU\VGA-GPU.srcs\sources_1\new\VGA_GPU.v:]
WARNING: [filemgmt 56-199] Attempt to get parsing info during refresh. "On-the-fly" syntax checking information may be incorrect. [D:\CelestiCall\Hardwares\IPModules\VGA-GPU\VGA-GPU.srcs\sources_1\new\frame_counter.sv:]
WARNING: [filemgmt 56-199] Attempt to get parsing info during refresh. "On-the-fly" syntax checking information may be incorrect. [D:\CelestiCall\Hardwares\IPModules\VGA-GPU\VGA-GPU.srcs\sources_1\new\VGA_GPU.v:]
WARNING: [filemgmt 56-199] Attempt to get parsing info during refresh. "On-the-fly" syntax checking information may be incorrect. [D:\CelestiCall\Hardwares\IPModules\VGA-GPU\VGA-GPU.srcs\sources_1\new\VGA_GPU.v:]
WARNING: [filemgmt 56-199] Attempt to get parsing info during refresh. "On-the-fly" syntax checking information may be incorrect. [D:\CelestiCall\Hardwares\IPModules\VGA-GPU\VGA-GPU.srcs\sources_1\new\rgb2gray.sv:]
WARNING: [filemgmt 56-199] Attempt to get parsing info during refresh. "On-the-fly" syntax checking information may be incorrect. [D:\CelestiCall\Hardwares\IPModules\VGA-GPU\VGA-GPU.srcs\sources_1\new\bar_demo.sv:]
WARNING: [filemgmt 56-199] Attempt to get parsing info during refresh. "On-the-fly" syntax checking information may be incorrect. [D:\CelestiCall\Hardwares\IPModules\VGA-GPU\VGA-GPU.srcs\sources_1\new\vga_demo.sv:]
WARNING: [filemgmt 56-199] Attempt to get parsing info during refresh. "On-the-fly" syntax checking information may be incorrect. [D:\CelestiCall\Hardwares\IPModules\VGA-GPU\VGA-GPU.srcs\sources_1\new\VGA_GPU.v:]
WARNING: [filemgmt 56-199] Attempt to get parsing info during refresh. "On-the-fly" syntax checking information may be incorrect. [D:\CelestiCall\Hardwares\IPModules\VGA-GPU\VGA-GPU.srcs\sources_1\new\frame_counter.sv:]
WARNING: [filemgmt 56-199] Attempt to get parsing info during refresh. "On-the-fly" syntax checking information may be incorrect. [D:\CelestiCall\Hardwares\IPModules\VGA-GPU\VGA-GPU.srcs\sources_1\new\frame_counter.sv:]
WARNING: [filemgmt 56-199] Attempt to get parsing info during refresh. "On-the-fly" syntax checking information may be incorrect. [D:\CelestiCall\Hardwares\IPModules\VGA-GPU\VGA-GPU.srcs\sources_1\new\frame_counter.sv:]
WARNING: [filemgmt 56-199] Attempt to get parsing info during refresh. "On-the-fly" syntax checking information may be incorrect. [D:\CelestiCall\Hardwares\IPModules\VGA-GPU\VGA-GPU.srcs\sources_1\new\rgb2gray.sv:]
WARNING: [filemgmt 56-199] Attempt to get parsing info during refresh. "On-the-fly" syntax checking information may be incorrect. [D:\CelestiCall\Hardwares\IPModules\VGA-GPU\VGA-GPU.srcs\sources_1\new\bar_demo.sv:]
WARNING: [filemgmt 56-199] Attempt to get parsing info during refresh. "On-the-fly" syntax checking information may be incorrect. [D:\CelestiCall\Hardwares\IPModules\VGA-GPU\VGA-GPU.srcs\sources_1\new\vga_demo.sv:]
WARNING: [filemgmt 56-199] Attempt to get parsing info during refresh. "On-the-fly" syntax checking information may be incorrect. [D:\CelestiCall\Hardwares\IPModules\VGA-GPU\VGA-GPU.srcs\sources_1\new\VGA_GPU.v:]
WARNING: [filemgmt 56-199] Attempt to get parsing info during refresh. "On-the-fly" syntax checking information may be incorrect. [D:\CelestiCall\Hardwares\IPModules\VGA-GPU\VGA-GPU.srcs\sources_1\new\frame_counter.sv:]
WARNING: [filemgmt 56-199] Attempt to get parsing info during refresh. "On-the-fly" syntax checking information may be incorrect. [D:\CelestiCall\Hardwares\IPModules\VGA-GPU\VGA-GPU.srcs\sources_1\new\rgb2gray.sv:]
WARNING: [filemgmt 56-199] Attempt to get parsing info during refresh. "On-the-fly" syntax checking information may be incorrect. [D:\CelestiCall\Hardwares\IPModules\VGA-GPU\VGA-GPU.srcs\sources_1\new\rgb2gray.sv:]
WARNING: [filemgmt 56-199] Attempt to get parsing info during refresh. "On-the-fly" syntax checking information may be incorrect. [D:\CelestiCall\Hardwares\IPModules\VGA-GPU\VGA-GPU.srcs\sources_1\new\rgb2gray.sv:]
WARNING: [filemgmt 56-199] Attempt to get parsing info during refresh. "On-the-fly" syntax checking information may be incorrect. [D:\CelestiCall\Hardwares\IPModules\VGA-GPU\VGA-GPU.srcs\sources_1\new\bar_demo.sv:]
WARNING: [filemgmt 56-199] Attempt to get parsing info during refresh. "On-the-fly" syntax checking information may be incorrect. [D:\CelestiCall\Hardwares\IPModules\VGA-GPU\VGA-GPU.srcs\sources_1\new\vga_demo.sv:]
WARNING: [filemgmt 56-199] Attempt to get parsing info during refresh. "On-the-fly" syntax checking information may be incorrect. [D:\CelestiCall\Hardwares\IPModules\VGA-GPU\VGA-GPU.srcs\sources_1\new\VGA_GPU.v:]
WARNING: [filemgmt 56-199] Attempt to get parsing info during refresh. "On-the-fly" syntax checking information may be incorrect. [D:\CelestiCall\Hardwares\IPModules\VGA-GPU\VGA-GPU.srcs\sources_1\new\frame_counter.sv:]
WARNING: [filemgmt 56-199] Attempt to get parsing info during refresh. "On-the-fly" syntax checking information may be incorrect. [D:\CelestiCall\Hardwares\IPModules\VGA-GPU\VGA-GPU.srcs\sources_1\new\vga_demo.sv:]
WARNING: [filemgmt 56-199] Attempt to get parsing info during refresh. "On-the-fly" syntax checking information may be incorrect. [D:\CelestiCall\Hardwares\IPModules\VGA-GPU\VGA-GPU.srcs\sources_1\new\vga_demo.sv:]
[Sun Aug 18 20:35:47 2024] Launched synth_1...
Run output will be captured here: D:/CelestiCall/Hardwares/IPModules/VGA-GPU/VGA-GPU.runs/synth_1/runme.log
[Sun Aug 18 20:35:47 2024] Launched impl_1...
Run output will be captured here: D:/CelestiCall/Hardwares/IPModules/VGA-GPU/VGA-GPU.runs/impl_1/runme.log
ERROR: [Common 17-180] Spawn failed: No error
WARNING: [filemgmt 56-199] Attempt to get parsing info during refresh. "On-the-fly" syntax checking information may be incorrect. [D:\CelestiCall\Hardwares\IPModules\VGA-GPU\VGA-GPU.srcs\sources_1\new\rgb2gray.sv:]
WARNING: [filemgmt 56-199] Attempt to get parsing info during refresh. "On-the-fly" syntax checking information may be incorrect. [D:\CelestiCall\Hardwares\IPModules\VGA-GPU\VGA-GPU.srcs\sources_1\new\bar_demo.sv:]
WARNING: [filemgmt 56-199] Attempt to get parsing info during refresh. "On-the-fly" syntax checking information may be incorrect. [D:\CelestiCall\Hardwares\IPModules\VGA-GPU\VGA-GPU.srcs\sources_1\new\vga_demo.sv:]
WARNING: [filemgmt 56-199] Attempt to get parsing info during refresh. "On-the-fly" syntax checking information may be incorrect. [D:\CelestiCall\Hardwares\IPModules\VGA-GPU\VGA-GPU.srcs\sources_1\new\VGA_GPU.v:]
WARNING: [filemgmt 56-199] Attempt to get parsing info during refresh. "On-the-fly" syntax checking information may be incorrect. [D:\CelestiCall\Hardwares\IPModules\VGA-GPU\VGA-GPU.srcs\sources_1\new\frame_counter.sv:]
WARNING: [filemgmt 56-199] Attempt to get parsing info during refresh. "On-the-fly" syntax checking information may be incorrect. [D:\CelestiCall\Hardwares\IPModules\VGA-GPU\VGA-GPU.srcs\sources_1\new\VGA_GPU.v:]
WARNING: [filemgmt 56-199] Attempt to get parsing info during refresh. "On-the-fly" syntax checking information may be incorrect. [D:\CelestiCall\Hardwares\IPModules\VGA-GPU\VGA-GPU.srcs\sources_1\new\VGA_GPU.v:]
ERROR: [Common 17-180] Spawn failed: No error
WARNING: [filemgmt 56-199] Attempt to get parsing info during refresh. "On-the-fly" syntax checking information may be incorrect. [D:\CelestiCall\Hardwares\IPModules\VGA-GPU\VGA-GPU.srcs\sources_1\new\rgb2gray.sv:]
WARNING: [filemgmt 56-199] Attempt to get parsing info during refresh. "On-the-fly" syntax checking information may be incorrect. [D:\CelestiCall\Hardwares\IPModules\VGA-GPU\VGA-GPU.srcs\sources_1\new\bar_demo.sv:]
WARNING: [filemgmt 56-199] Attempt to get parsing info during refresh. "On-the-fly" syntax checking information may be incorrect. [D:\CelestiCall\Hardwares\IPModules\VGA-GPU\VGA-GPU.srcs\sources_1\new\vga_demo.sv:]
WARNING: [filemgmt 56-199] Attempt to get parsing info during refresh. "On-the-fly" syntax checking information may be incorrect. [D:\CelestiCall\Hardwares\IPModules\VGA-GPU\VGA-GPU.srcs\sources_1\new\VGA_GPU.v:]
WARNING: [filemgmt 56-199] Attempt to get parsing info during refresh. "On-the-fly" syntax checking information may be incorrect. [D:\CelestiCall\Hardwares\IPModules\VGA-GPU\VGA-GPU.srcs\sources_1\new\frame_counter.sv:]
WARNING: [filemgmt 56-199] Attempt to get parsing info during refresh. "On-the-fly" syntax checking information may be incorrect. [D:\CelestiCall\Hardwares\IPModules\VGA-GPU\VGA-GPU.srcs\sources_1\new\bar_demo.sv:]
WARNING: [filemgmt 56-199] Attempt to get parsing info during refresh. "On-the-fly" syntax checking information may be incorrect. [D:\CelestiCall\Hardwares\IPModules\VGA-GPU\VGA-GPU.srcs\sources_1\new\bar_demo.sv:]
ERROR: [Common 17-180] Spawn failed: No error
refresh_hw_device [lindex [get_hw_devices xc7a100t_0] 0]
INFO: [Labtools 27-1434] Device xc7a100t (JTAG device index = 0) is programmed with a design that has no supported debug core(s) in it.
reset_run impl_1 -prev_step 
launch_runs impl_1 -to_step write_bitstream -jobs 12
[Sun Aug 18 20:38:16 2024] Launched impl_1...
Run output will be captured here: D:/CelestiCall/Hardwares/IPModules/VGA-GPU/VGA-GPU.runs/impl_1/runme.log
exit
INFO: [Common 17-206] Exiting Vivado at Sun Aug 18 20:41:01 2024...
