
*** Running vivado
    with args -log RGB_GPU.vds -m64 -product Vivado -mode batch -messageDb vivado.pb -notrace -source RGB_GPU.tcl



****** Vivado v2024.1 (64-bit)
  **** SW Build 5076996 on Wed May 22 18:37:14 MDT 2024
  **** IP Build 5075265 on Wed May 22 21:45:21 MDT 2024
  **** SharedData Build 5076995 on Wed May 22 18:29:18 MDT 2024
  **** Start of session at: Mon Aug 19 21:06:01 2024
    ** Copyright 1986-2022 Xilinx, Inc. All Rights Reserved.
    ** Copyright 2022-2024 Advanced Micro Devices, Inc. All Rights Reserved.

source RGB_GPU.tcl -notrace
create_project: Time (s): cpu = 00:00:02 ; elapsed = 00:00:06 . Memory (MB): peak = 613.609 ; gain = 200.531
INFO: [IP_Flow 19-234] Refreshing IP repositories
INFO: [IP_Flow 19-1700] Loaded user IP repository 'd:/CelestiCall/Hardwares/Library_vivado'.
INFO: [IP_Flow 19-2313] Loaded Vivado IP repository 'C:/Xilinx/Vivado/2024.1/data/ip'.
Command: read_checkpoint -auto_incremental -incremental D:/CelestiCall/Hardwares/VGA-GPU/VGA-GPU.srcs/utils_1/imports/synth_1/VGA_Phy.dcp
INFO: [Vivado 12-5825] Read reference checkpoint from D:/CelestiCall/Hardwares/VGA-GPU/VGA-GPU.srcs/utils_1/imports/synth_1/VGA_Phy.dcp for incremental synthesis
INFO: [Vivado 12-7989] Please ensure there are no constraint changes
Command: synth_design -top RGB_GPU -part xc7a100tcsg324-1
Starting synth_design
Attempting to get a license for feature 'Synthesis' and/or device 'xc7a100t'
INFO: [Common 17-349] Got license for feature 'Synthesis' and/or device 'xc7a100t'
INFO: [Device 21-403] Loading part xc7a100tcsg324-1
INFO: [Device 21-9227] Part: xc7a100tcsg324-1 does not have CEAM library.
INFO: [Synth 8-7079] Multithreading enabled for synth_design using a maximum of 2 processes.
INFO: [Synth 8-7078] Launching helper process for spawning children vivado processes
INFO: [Synth 8-7075] Helper process launched with PID 25732
---------------------------------------------------------------------------------
Starting RTL Elaboration : Time (s): cpu = 00:00:02 ; elapsed = 00:00:04 . Memory (MB): peak = 1505.895 ; gain = 446.051
---------------------------------------------------------------------------------
INFO: [Synth 8-6157] synthesizing module 'RGB_GPU' [D:/CelestiCall/Hardwares/VGA-GPU/VGA-GPU.srcs/sources_1/new/vga_demo.sv:1]
INFO: [Synth 8-6157] synthesizing module 'vga_sync_demo' [D:/CelestiCall/Hardwares/VGA-GPU/VGA-GPU.srcs/sources_1/new/VGA_GPU.v:1]
	Parameter CD bound to: 12 - type: integer 
INFO: [Synth 8-6157] synthesizing module 'frame_counter' [D:/CelestiCall/Hardwares/VGA-GPU/VGA-GPU.srcs/sources_1/new/frame_counter.sv:23]
	Parameter HMAX bound to: 800 - type: integer 
	Parameter VMAX bound to: 525 - type: integer 
INFO: [Synth 8-6155] done synthesizing module 'frame_counter' (0#1) [D:/CelestiCall/Hardwares/VGA-GPU/VGA-GPU.srcs/sources_1/new/frame_counter.sv:23]
INFO: [Synth 8-6155] done synthesizing module 'vga_sync_demo' (0#1) [D:/CelestiCall/Hardwares/VGA-GPU/VGA-GPU.srcs/sources_1/new/VGA_GPU.v:1]
INFO: [Synth 8-6157] synthesizing module 'rgb2dvi_0' [D:/CelestiCall/Hardwares/VGA-GPU/VGA-GPU.runs/synth_1/.Xil/Vivado-25204-DESKTOP-I4589KT/realtime/rgb2dvi_0_stub.v:6]
INFO: [Synth 8-6155] done synthesizing module 'rgb2dvi_0' (0#1) [D:/CelestiCall/Hardwares/VGA-GPU/VGA-GPU.runs/synth_1/.Xil/Vivado-25204-DESKTOP-I4589KT/realtime/rgb2dvi_0_stub.v:6]
WARNING: [Synth 8-689] width (11) of port connection 'vid_pHSync' does not match port width (1) of module 'rgb2dvi_0' [D:/CelestiCall/Hardwares/VGA-GPU/VGA-GPU.srcs/sources_1/new/vga_demo.sv:27]
WARNING: [Synth 8-689] width (11) of port connection 'vid_pVSync' does not match port width (1) of module 'rgb2dvi_0' [D:/CelestiCall/Hardwares/VGA-GPU/VGA-GPU.srcs/sources_1/new/vga_demo.sv:27]
INFO: [Synth 8-6155] done synthesizing module 'RGB_GPU' (0#1) [D:/CelestiCall/Hardwares/VGA-GPU/VGA-GPU.srcs/sources_1/new/vga_demo.sv:1]
---------------------------------------------------------------------------------
Finished RTL Elaboration : Time (s): cpu = 00:00:03 ; elapsed = 00:00:06 . Memory (MB): peak = 1616.672 ; gain = 556.828
---------------------------------------------------------------------------------
---------------------------------------------------------------------------------
Start Handling Custom Attributes
---------------------------------------------------------------------------------
---------------------------------------------------------------------------------
Finished Handling Custom Attributes : Time (s): cpu = 00:00:03 ; elapsed = 00:00:06 . Memory (MB): peak = 1616.672 ; gain = 556.828
---------------------------------------------------------------------------------
---------------------------------------------------------------------------------
Finished RTL Optimization Phase 1 : Time (s): cpu = 00:00:03 ; elapsed = 00:00:06 . Memory (MB): peak = 1616.672 ; gain = 556.828
---------------------------------------------------------------------------------
Netlist sorting complete. Time (s): cpu = 00:00:00 ; elapsed = 00:00:00.001 . Memory (MB): peak = 1616.672 ; gain = 0.000
INFO: [Project 1-570] Preparing netlist for logic optimization

Processing XDC Constraints
Initializing timing engine
Parsing XDC File [d:/CelestiCall/Hardwares/VGA-GPU/VGA-GPU.gen/sources_1/ip/rgb2dvi_0/rgb2dvi_0/rgb2dvi_0_in_context.xdc] for cell 'dvi'
Finished Parsing XDC File [d:/CelestiCall/Hardwares/VGA-GPU/VGA-GPU.gen/sources_1/ip/rgb2dvi_0/rgb2dvi_0/rgb2dvi_0_in_context.xdc] for cell 'dvi'
Parsing XDC File [D:/CelestiCall/Hardwares/VGA-GPU/Nexys-A7-100T-Master.xdc]
Finished Parsing XDC File [D:/CelestiCall/Hardwares/VGA-GPU/Nexys-A7-100T-Master.xdc]
INFO: [Project 1-236] Implementation specific constraints were found while reading constraint file [D:/CelestiCall/Hardwares/VGA-GPU/Nexys-A7-100T-Master.xdc]. These constraints will be ignored for synthesis but will be used in implementation. Impacted constraints are listed in the file [.Xil/RGB_GPU_propImpl.xdc].
Resolution: To avoid this warning, move constraints listed in [.Xil/RGB_GPU_propImpl.xdc] to another XDC file and exclude this new file from synthesis with the used_in_synthesis property (File Properties dialog in GUI) and re-run elaboration/synthesis.
Completed Processing XDC Constraints

Netlist sorting complete. Time (s): cpu = 00:00:00 ; elapsed = 00:00:00.001 . Memory (MB): peak = 1705.539 ; gain = 0.000
INFO: [Project 1-111] Unisim Transformation Summary:
No Unisim elements were transformed.

Constraint Validation Runtime : Time (s): cpu = 00:00:00 ; elapsed = 00:00:00.002 . Memory (MB): peak = 1705.539 ; gain = 0.000
---------------------------------------------------------------------------------
Finished Constraint Validation : Time (s): cpu = 00:00:06 ; elapsed = 00:00:12 . Memory (MB): peak = 1705.539 ; gain = 645.695
---------------------------------------------------------------------------------
---------------------------------------------------------------------------------
Start Loading Part and Timing Information
---------------------------------------------------------------------------------
Loading part: xc7a100tcsg324-1
---------------------------------------------------------------------------------
Finished Loading Part and Timing Information : Time (s): cpu = 00:00:06 ; elapsed = 00:00:12 . Memory (MB): peak = 1705.539 ; gain = 645.695
---------------------------------------------------------------------------------
---------------------------------------------------------------------------------
Start Applying 'set_property' XDC Constraints
---------------------------------------------------------------------------------
Applied set_property IO_BUFFER_TYPE = NONE for clkN. (constraint file  d:/CelestiCall/Hardwares/VGA-GPU/VGA-GPU.gen/sources_1/ip/rgb2dvi_0/rgb2dvi_0/rgb2dvi_0_in_context.xdc, line 1).
Applied set_property CLOCK_BUFFER_TYPE = NONE for clkN. (constraint file  d:/CelestiCall/Hardwares/VGA-GPU/VGA-GPU.gen/sources_1/ip/rgb2dvi_0/rgb2dvi_0/rgb2dvi_0_in_context.xdc, line 2).
Applied set_property IO_BUFFER_TYPE = NONE for clkP. (constraint file  d:/CelestiCall/Hardwares/VGA-GPU/VGA-GPU.gen/sources_1/ip/rgb2dvi_0/rgb2dvi_0/rgb2dvi_0_in_context.xdc, line 3).
Applied set_property CLOCK_BUFFER_TYPE = NONE for clkP. (constraint file  d:/CelestiCall/Hardwares/VGA-GPU/VGA-GPU.gen/sources_1/ip/rgb2dvi_0/rgb2dvi_0/rgb2dvi_0_in_context.xdc, line 4).
Applied set_property IO_BUFFER_TYPE = NONE for vidN[0]. (constraint file  d:/CelestiCall/Hardwares/VGA-GPU/VGA-GPU.gen/sources_1/ip/rgb2dvi_0/rgb2dvi_0/rgb2dvi_0_in_context.xdc, line 5).
Applied set_property CLOCK_BUFFER_TYPE = NONE for vidN[0]. (constraint file  d:/CelestiCall/Hardwares/VGA-GPU/VGA-GPU.gen/sources_1/ip/rgb2dvi_0/rgb2dvi_0/rgb2dvi_0_in_context.xdc, line 6).
Applied set_property IO_BUFFER_TYPE = NONE for vidN[1]. (constraint file  d:/CelestiCall/Hardwares/VGA-GPU/VGA-GPU.gen/sources_1/ip/rgb2dvi_0/rgb2dvi_0/rgb2dvi_0_in_context.xdc, line 7).
Applied set_property CLOCK_BUFFER_TYPE = NONE for vidN[1]. (constraint file  d:/CelestiCall/Hardwares/VGA-GPU/VGA-GPU.gen/sources_1/ip/rgb2dvi_0/rgb2dvi_0/rgb2dvi_0_in_context.xdc, line 8).
Applied set_property IO_BUFFER_TYPE = NONE for vidN[2]. (constraint file  d:/CelestiCall/Hardwares/VGA-GPU/VGA-GPU.gen/sources_1/ip/rgb2dvi_0/rgb2dvi_0/rgb2dvi_0_in_context.xdc, line 9).
Applied set_property CLOCK_BUFFER_TYPE = NONE for vidN[2]. (constraint file  d:/CelestiCall/Hardwares/VGA-GPU/VGA-GPU.gen/sources_1/ip/rgb2dvi_0/rgb2dvi_0/rgb2dvi_0_in_context.xdc, line 10).
Applied set_property IO_BUFFER_TYPE = NONE for vidP[0]. (constraint file  d:/CelestiCall/Hardwares/VGA-GPU/VGA-GPU.gen/sources_1/ip/rgb2dvi_0/rgb2dvi_0/rgb2dvi_0_in_context.xdc, line 11).
Applied set_property CLOCK_BUFFER_TYPE = NONE for vidP[0]. (constraint file  d:/CelestiCall/Hardwares/VGA-GPU/VGA-GPU.gen/sources_1/ip/rgb2dvi_0/rgb2dvi_0/rgb2dvi_0_in_context.xdc, line 12).
Applied set_property IO_BUFFER_TYPE = NONE for vidP[1]. (constraint file  d:/CelestiCall/Hardwares/VGA-GPU/VGA-GPU.gen/sources_1/ip/rgb2dvi_0/rgb2dvi_0/rgb2dvi_0_in_context.xdc, line 13).
Applied set_property CLOCK_BUFFER_TYPE = NONE for vidP[1]. (constraint file  d:/CelestiCall/Hardwares/VGA-GPU/VGA-GPU.gen/sources_1/ip/rgb2dvi_0/rgb2dvi_0/rgb2dvi_0_in_context.xdc, line 14).
Applied set_property IO_BUFFER_TYPE = NONE for vidP[2]. (constraint file  d:/CelestiCall/Hardwares/VGA-GPU/VGA-GPU.gen/sources_1/ip/rgb2dvi_0/rgb2dvi_0/rgb2dvi_0_in_context.xdc, line 15).
Applied set_property CLOCK_BUFFER_TYPE = NONE for vidP[2]. (constraint file  d:/CelestiCall/Hardwares/VGA-GPU/VGA-GPU.gen/sources_1/ip/rgb2dvi_0/rgb2dvi_0/rgb2dvi_0_in_context.xdc, line 16).
Applied set_property KEEP_HIERARCHY = SOFT for dvi. (constraint file  auto generated constraint).
---------------------------------------------------------------------------------
Finished applying 'set_property' XDC Constraints : Time (s): cpu = 00:00:06 ; elapsed = 00:00:12 . Memory (MB): peak = 1705.539 ; gain = 645.695
---------------------------------------------------------------------------------
---------------------------------------------------------------------------------
Start Preparing Guide Design
---------------------------------------------------------------------------------
CRITICAL WARNING: [Synth 8-6895] The reference checkpoint D:/CelestiCall/Hardwares/VGA-GPU/VGA-GPU.srcs/utils_1/imports/synth_1/VGA_Phy.dcp is not suitable for use with incremental synthesis for this design. Please regenerate the checkpoint for this design with -incremental_synth switch in the same Vivado session that synth_design has been run. Synthesis will continue with the default flow
---------------------------------------------------------------------------------
Finished Doing Graph Differ : Time (s): cpu = 00:00:06 ; elapsed = 00:00:12 . Memory (MB): peak = 1705.539 ; gain = 645.695
---------------------------------------------------------------------------------
---------------------------------------------------------------------------------
Finished Preparing Guide Design : Time (s): cpu = 00:00:06 ; elapsed = 00:00:12 . Memory (MB): peak = 1705.539 ; gain = 645.695
---------------------------------------------------------------------------------
---------------------------------------------------------------------------------
Finished RTL Optimization Phase 2 : Time (s): cpu = 00:00:06 ; elapsed = 00:00:12 . Memory (MB): peak = 1705.539 ; gain = 645.695
---------------------------------------------------------------------------------


Incremental Synthesis Report Summary:

1. Incremental synthesis run: no

   Reason for not running incremental synthesis : 


INFO: [Synth 8-7130] Flow is switching to default flow due to incremental criteria not met. If you would like to alter this behaviour and have the flow terminate instead, please set the following parameter config_implementation {autoIncr.Synth.RejectBehavior Terminate}
---------------------------------------------------------------------------------
Start RTL Component Statistics 
---------------------------------------------------------------------------------
Detailed RTL Component Info : 
+---Adders : 
	   2 Input   11 Bit       Adders := 2     
	   2 Input    2 Bit       Adders := 1     
+---Registers : 
	               12 Bit    Registers := 1     
	               11 Bit    Registers := 2     
	                2 Bit    Registers := 1     
	                1 Bit    Registers := 2     
+---Muxes : 
	   2 Input   12 Bit        Muxes := 1     
	   2 Input   11 Bit        Muxes := 2     
	   2 Input    1 Bit        Muxes := 2     
---------------------------------------------------------------------------------
Finished RTL Component Statistics 
---------------------------------------------------------------------------------
---------------------------------------------------------------------------------
Start Part Resource Summary
---------------------------------------------------------------------------------
Part Resources:
DSPs: 240 (col length:80)
BRAMs: 270 (col length: RAMB18 80 RAMB36 40)
---------------------------------------------------------------------------------
Finished Part Resource Summary
---------------------------------------------------------------------------------
---------------------------------------------------------------------------------
Start Cross Boundary and Area Optimization
---------------------------------------------------------------------------------
---------------------------------------------------------------------------------
Finished Cross Boundary and Area Optimization : Time (s): cpu = 00:00:07 ; elapsed = 00:00:14 . Memory (MB): peak = 1705.539 ; gain = 645.695
---------------------------------------------------------------------------------
---------------------------------------------------------------------------------
Start Applying XDC Timing Constraints
---------------------------------------------------------------------------------
---------------------------------------------------------------------------------
Finished Applying XDC Timing Constraints : Time (s): cpu = 00:00:10 ; elapsed = 00:00:18 . Memory (MB): peak = 1705.539 ; gain = 645.695
---------------------------------------------------------------------------------
---------------------------------------------------------------------------------
Start Timing Optimization
---------------------------------------------------------------------------------
---------------------------------------------------------------------------------
Finished Timing Optimization : Time (s): cpu = 00:00:10 ; elapsed = 00:00:18 . Memory (MB): peak = 1705.539 ; gain = 645.695
---------------------------------------------------------------------------------
---------------------------------------------------------------------------------
Start Technology Mapping
---------------------------------------------------------------------------------
---------------------------------------------------------------------------------
Finished Technology Mapping : Time (s): cpu = 00:00:10 ; elapsed = 00:00:18 . Memory (MB): peak = 1705.539 ; gain = 645.695
---------------------------------------------------------------------------------
---------------------------------------------------------------------------------
Start IO Insertion
---------------------------------------------------------------------------------
---------------------------------------------------------------------------------
Start Flattening Before IO Insertion
---------------------------------------------------------------------------------
---------------------------------------------------------------------------------
Finished Flattening Before IO Insertion
---------------------------------------------------------------------------------
---------------------------------------------------------------------------------
Start Final Netlist Cleanup
---------------------------------------------------------------------------------
---------------------------------------------------------------------------------
Finished Final Netlist Cleanup
---------------------------------------------------------------------------------
---------------------------------------------------------------------------------
Finished IO Insertion : Time (s): cpu = 00:00:13 ; elapsed = 00:00:21 . Memory (MB): peak = 1705.539 ; gain = 645.695
---------------------------------------------------------------------------------
---------------------------------------------------------------------------------
Start Renaming Generated Instances
---------------------------------------------------------------------------------
---------------------------------------------------------------------------------
Finished Renaming Generated Instances : Time (s): cpu = 00:00:13 ; elapsed = 00:00:21 . Memory (MB): peak = 1705.539 ; gain = 645.695
---------------------------------------------------------------------------------
---------------------------------------------------------------------------------
Start Rebuilding User Hierarchy
---------------------------------------------------------------------------------
---------------------------------------------------------------------------------
Finished Rebuilding User Hierarchy : Time (s): cpu = 00:00:13 ; elapsed = 00:00:21 . Memory (MB): peak = 1705.539 ; gain = 645.695
---------------------------------------------------------------------------------
---------------------------------------------------------------------------------
Start Renaming Generated Ports
---------------------------------------------------------------------------------
---------------------------------------------------------------------------------
Finished Renaming Generated Ports : Time (s): cpu = 00:00:13 ; elapsed = 00:00:21 . Memory (MB): peak = 1705.539 ; gain = 645.695
---------------------------------------------------------------------------------
---------------------------------------------------------------------------------
Start Handling Custom Attributes
---------------------------------------------------------------------------------
---------------------------------------------------------------------------------
Finished Handling Custom Attributes : Time (s): cpu = 00:00:13 ; elapsed = 00:00:21 . Memory (MB): peak = 1705.539 ; gain = 645.695
---------------------------------------------------------------------------------
---------------------------------------------------------------------------------
Start Renaming Generated Nets
---------------------------------------------------------------------------------
---------------------------------------------------------------------------------
Finished Renaming Generated Nets : Time (s): cpu = 00:00:13 ; elapsed = 00:00:21 . Memory (MB): peak = 1705.539 ; gain = 645.695
---------------------------------------------------------------------------------
---------------------------------------------------------------------------------
Start Writing Synthesis Report
---------------------------------------------------------------------------------

Report BlackBoxes: 
+------+--------------+----------+
|      |BlackBox name |Instances |
+------+--------------+----------+
|1     |rgb2dvi_0     |         1|
+------+--------------+----------+

Report Cell Usage: 
+------+--------+------+
|      |Cell    |Count |
+------+--------+------+
|1     |rgb2dvi |     1|
|2     |BUFG    |     1|
|3     |LUT1    |     1|
|4     |LUT2    |     4|
|5     |LUT3    |     7|
|6     |LUT4    |     6|
|7     |LUT5    |    10|
|8     |LUT6    |    13|
|9     |FDRE    |    38|
|10    |IBUF    |    13|
|11    |OBUF    |    14|
+------+--------+------+
---------------------------------------------------------------------------------
Finished Writing Synthesis Report : Time (s): cpu = 00:00:13 ; elapsed = 00:00:21 . Memory (MB): peak = 1705.539 ; gain = 645.695
---------------------------------------------------------------------------------
Synthesis finished with 0 errors, 1 critical warnings and 0 warnings.
Synthesis Optimization Runtime : Time (s): cpu = 00:00:10 ; elapsed = 00:00:20 . Memory (MB): peak = 1705.539 ; gain = 556.828
Synthesis Optimization Complete : Time (s): cpu = 00:00:13 ; elapsed = 00:00:22 . Memory (MB): peak = 1705.539 ; gain = 645.695
INFO: [Project 1-571] Translating synthesized netlist
Netlist sorting complete. Time (s): cpu = 00:00:00 ; elapsed = 00:00:00 . Memory (MB): peak = 1705.539 ; gain = 0.000
INFO: [Project 1-570] Preparing netlist for logic optimization
INFO: [Opt 31-138] Pushed 0 inverter(s) to 0 load pin(s).
Netlist sorting complete. Time (s): cpu = 00:00:00 ; elapsed = 00:00:00 . Memory (MB): peak = 1705.539 ; gain = 0.000
INFO: [Project 1-111] Unisim Transformation Summary:
No Unisim elements were transformed.

Synth Design complete | Checksum: d5733f7c
INFO: [Common 17-83] Releasing license: Synthesis
28 Infos, 2 Warnings, 1 Critical Warnings and 0 Errors encountered.
synth_design completed successfully
synth_design: Time (s): cpu = 00:00:15 ; elapsed = 00:00:26 . Memory (MB): peak = 1705.539 ; gain = 1064.461
INFO: [runtcl-6] Synthesis results are not added to the cache due to CRITICAL_WARNING
Write ShapeDB Complete: Time (s): cpu = 00:00:00 ; elapsed = 00:00:00.001 . Memory (MB): peak = 1705.539 ; gain = 0.000
INFO: [Common 17-1381] The checkpoint 'D:/CelestiCall/Hardwares/VGA-GPU/VGA-GPU.runs/synth_1/RGB_GPU.dcp' has been generated.
INFO: [Vivado 12-24828] Executing command : report_utilization -file RGB_GPU_utilization_synth.rpt -pb RGB_GPU_utilization_synth.pb
INFO: [Common 17-206] Exiting Vivado at Mon Aug 19 21:06:40 2024...
